WARNING: You're using the Ruby-based MySQL library that ships with Rails. This library is not suited for production. Please install the C-based MySQL library instead (gem install mysql).
  [4;36;1mSQL (0.000000)[0m   [0;1mSET NAMES 'utf8'[0m
  [4;35;1mSQL (0.000000)[0m   [0mSET SQL_AUTO_IS_NULL=0[0m
  [4;36;1mSQL (0.035000)[0m   [0;1mDROP DATABASE IF EXISTS `wwhow`[0m
  [4;35;1mSQL (0.000000)[0m   [0mSET NAMES 'utf8'[0m
  [4;36;1mSQL (0.000000)[0m   [0;1mSET SQL_AUTO_IS_NULL=0[0m
  [4;35;1mSQL (0.002000)[0m   [0mCREATE DATABASE `wwhow` DEFAULT CHARACTER SET `utf8` COLLATE `utf8_general_ci`[0m
  [4;36;1mSQL (0.001000)[0m   [0;1mSET NAMES 'utf8'[0m
  [4;35;1mSQL (0.000000)[0m   [0mSET SQL_AUTO_IS_NULL=0[0m
  [4;36;1mSQL (0.001000)[0m   [0;1mSHOW TABLES[0m
  [4;35;1mSQL (0.005000)[0m   [0mCREATE TABLE `blog_entries` (`id` int(11) DEFAULT NULL auto_increment PRIMARY KEY, `user_id` bigint(11) DEFAULT NULL NULL, `text` varchar(255) DEFAULT NULL NULL, `created_at` datetime DEFAULT NULL NULL, `updated_at` datetime DEFAULT NULL NULL, `what` varchar(255) DEFAULT NULL NULL, `where` varchar(255) DEFAULT NULL NULL, `price` float DEFAULT NULL NULL, `original` float DEFAULT NULL NULL, `twit_id` bigint(11) DEFAULT NULL NULL, `discount` float DEFAULT NULL NULL, `lat` float DEFAULT NULL NULL, `lng` float DEFAULT NULL NULL, `price_text` varchar(255) DEFAULT NULL NULL) ENGINE=InnoDB[0m
  [4;36;1mSQL (0.011000)[0m   [0;1mCREATE UNIQUE INDEX `index_blog_entries_on_id` ON `blog_entries` (`id`)[0m
  [4;35;1mSQL (0.014000)[0m   [0mCREATE UNIQUE INDEX `index_blog_entries_on_twit_id` ON `blog_entries` (`twit_id`)[0m
  [4;36;1mSQL (0.036000)[0m   [0;1mCREATE INDEX `index_blog_entries_on_user_id` ON `blog_entries` (`user_id`)[0m
  [4;35;1mSQL (0.003000)[0m   [0mSHOW TABLES[0m
  [4;36;1mSQL (0.008000)[0m   [0;1mCREATE TABLE `ratings` (`id` int(11) DEFAULT NULL auto_increment PRIMARY KEY, `rating` bigint(11) DEFAULT 0 NULL, `created_at` datetime NOT NULL, `rateable_type` varchar(15) DEFAULT '' NOT NULL, `rateable_id` bigint(11) DEFAULT 0 NOT NULL, `user_id` bigint(11) DEFAULT 0 NOT NULL) ENGINE=InnoDB[0m
  [4;35;1mSQL (0.041000)[0m   [0mCREATE INDEX `fk_ratings_user` ON `ratings` (`user_id`)[0m
  [4;36;1mSQL (0.001000)[0m   [0;1mSHOW TABLES[0m
  [4;35;1mSQL (0.005000)[0m   [0mCREATE TABLE `subscriptions` (`id` int(11) DEFAULT NULL auto_increment PRIMARY KEY, `user_id` bigint(11) DEFAULT NULL NULL, `friend_id` bigint(11) DEFAULT NULL NULL, `created_at` datetime DEFAULT NULL NULL, `updated_at` datetime DEFAULT NULL NULL, `requested` tinyint(1) DEFAULT 0 NULL, `approved` tinyint(1) DEFAULT 0 NULL) ENGINE=InnoDB[0m
  [4;36;1mSQL (0.001000)[0m   [0;1mSHOW TABLES[0m
  [4;35;1mSQL (0.006000)[0m   [0mCREATE TABLE `taggings` (`id` int(11) DEFAULT NULL auto_increment PRIMARY KEY, `tag_id` bigint(11) DEFAULT NULL NULL, `taggable_id` bigint(11) DEFAULT NULL NULL, `taggable_type` varchar(255) DEFAULT NULL NULL, `context` varchar(255) DEFAULT NULL NULL, `created_at` datetime DEFAULT NULL NULL) ENGINE=InnoDB[0m
  [4;36;1mSQL (0.039000)[0m   [0;1mCREATE INDEX `index_taggings_on_taggable_id_and_taggable_type_and_context` ON `taggings` (`context`, `taggable_id`, `taggable_type`)[0m
  [4;35;1mSQL (0.022000)[0m   [0mCREATE INDEX `index_taggings_on_tag_id` ON `taggings` (`tag_id`)[0m
  [4;36;1mSQL (0.001000)[0m   [0;1mSHOW TABLES[0m
  [4;35;1mSQL (0.005000)[0m   [0mCREATE TABLE `tags` (`id` int(11) DEFAULT NULL auto_increment PRIMARY KEY, `name` varchar(255) DEFAULT NULL NULL) ENGINE=InnoDB[0m
  [4;36;1mSQL (0.001000)[0m   [0;1mSHOW TABLES[0m
  [4;35;1mSQL (0.005000)[0m   [0mCREATE TABLE `users` (`id` int(11) DEFAULT NULL auto_increment PRIMARY KEY, `name` varchar(255) DEFAULT NULL NULL, `uri` varchar(255) DEFAULT NULL NULL, `created_at` datetime DEFAULT NULL NULL, `updated_at` datetime DEFAULT NULL NULL, `web_user_id` bigint(11) DEFAULT NULL NULL, `lat` float DEFAULT NULL NULL, `lng` float DEFAULT NULL NULL, `address` varchar(255) DEFAULT NULL NULL, `rated` float DEFAULT NULL NULL, `ranked` varchar(255) DEFAULT NULL NULL, `show_friends_only` tinyint(1) DEFAULT 0 NOT NULL, `hide_blocked_users` tinyint(1) DEFAULT 1 NOT NULL) ENGINE=InnoDB[0m
  [4;36;1mSQL (0.042000)[0m   [0;1mCREATE UNIQUE INDEX `index_users_on_id` ON `users` (`id`)[0m
  [4;35;1mSQL (0.001000)[0m   [0mSHOW TABLES[0m
  [4;36;1mSQL (0.007000)[0m   [0;1mCREATE TABLE `web_users` (`id` int(11) DEFAULT NULL auto_increment PRIMARY KEY, `login` varchar(40) DEFAULT NULL NULL, `name` varchar(100) DEFAULT '' NULL, `email` varchar(100) DEFAULT NULL NULL, `crypted_password` varchar(40) DEFAULT NULL NULL, `salt` varchar(40) DEFAULT NULL NULL, `created_at` datetime DEFAULT NULL NULL, `updated_at` datetime DEFAULT NULL NULL, `remember_token` varchar(40) DEFAULT NULL NULL, `remember_token_expires_at` datetime DEFAULT NULL NULL, `activation_code` varchar(40) DEFAULT NULL NULL, `activated_at` datetime DEFAULT NULL NULL, `password_reset_code` varchar(40) DEFAULT NULL NULL, `is_admin` tinyint(1) DEFAULT 0 NULL) ENGINE=InnoDB[0m
  [4;35;1mSQL (0.042000)[0m   [0mCREATE UNIQUE INDEX `index_web_users_on_id` ON `web_users` (`id`)[0m
  [4;36;1mSQL (0.023000)[0m   [0;1mCREATE UNIQUE INDEX `index_web_users_on_login` ON `web_users` (`login`)[0m
  [4;35;1mSQL (0.002000)[0m   [0mSHOW TABLES[0m
  [4;36;1mSQL (0.005000)[0m   [0;1mCREATE TABLE `schema_migrations` (`version` varchar(255) NOT NULL) ENGINE=InnoDB[0m
  [4;35;1mSQL (0.032000)[0m   [0mCREATE UNIQUE INDEX `unique_schema_migrations` ON `schema_migrations` (`version`)[0m
  [4;36;1mSQL (0.001000)[0m   [0;1mSHOW TABLES[0m
  [4;35;1mSQL (0.002000)[0m   [0mSELECT version FROM `schema_migrations`[0m
  [4;36;1mSQL (0.001000)[0m   [0;1mINSERT INTO `schema_migrations` (version) VALUES ('20090306063138')[0m
  [4;35;1mSQL (0.001000)[0m   [0mINSERT INTO `schema_migrations` (version) VALUES ('20080823213539')[0m
  [4;36;1mSQL (0.022000)[0m   [0;1mINSERT INTO `schema_migrations` (version) VALUES ('20080904062826')[0m
  [4;35;1mSQL (0.001000)[0m   [0mINSERT INTO `schema_migrations` (version) VALUES ('20080904063537')[0m
  [4;36;1mSQL (0.001000)[0m   [0;1mINSERT INTO `schema_migrations` (version) VALUES ('20080913205159')[0m
  [4;35;1mSQL (0.001000)[0m   [0mINSERT INTO `schema_migrations` (version) VALUES ('20080921213726')[0m
  [4;36;1mSQL (0.005000)[0m   [0;1mINSERT INTO `schema_migrations` (version) VALUES ('20080922164041')[0m
  [4;35;1mSQL (0.008000)[0m   [0mINSERT INTO `schema_migrations` (version) VALUES ('20080923225445')[0m
  [4;36;1mSQL (0.001000)[0m   [0;1mINSERT INTO `schema_migrations` (version) VALUES ('20081103050225')[0m
  [4;35;1mSQL (0.001000)[0m   [0mINSERT INTO `schema_migrations` (version) VALUES ('20081110052008')[0m
  [4;36;1mSQL (0.001000)[0m   [0;1mINSERT INTO `schema_migrations` (version) VALUES ('20081110063539')[0m
  [4;35;1mSQL (0.001000)[0m   [0mINSERT INTO `schema_migrations` (version) VALUES ('20081228105500')[0m
  [4;36;1mSQL (0.004000)[0m   [0;1mINSERT INTO `schema_migrations` (version) VALUES ('20090130231553')[0m
  [4;35;1mSQL (0.001000)[0m   [0mINSERT INTO `schema_migrations` (version) VALUES ('20090208072916')[0m


Processing ListingsController#index (for 127.0.0.1 at 2009-03-08 22:32:02) [GET]
  Session ID: BAh7DToIbWFwRjoUcmVjYXB0Y2hhX2Vycm9yMDoRZ2VvX2xvY2F0aW9ubzoT
R2VvS2l0OjpHZW9Mb2MQOg1Ac3VjY2Vzc1Q6CkBjaXR5Ig5MYWZheWV0dGU6
CUBsbmdmFC0xMjIuMDMyNjAxOQCSZjoSQGNvdW50cnlfY29kZSIHVVM6D0Bw
cmVjaXNpb24iCHppcDoUQHN0cmVldF9hZGRyZXNzMDoJQGxhdGYSMzcuODg1
NDUyNQDUqjoOQHByb3ZpZGVyIgtnb29nbGU6EkBmdWxsX2FkZHJlc3MiHUxh
ZmF5ZXR0ZSwgQ0EgOTQ1OTYsIFVTQToJQHppcCIKOTQ1OTY6C0BzdGF0ZSIH
Q0E6EHdlYl91c2VyX2lkMDoOcmV0dXJuX3RvMDoMc2xpZGVyc0YiCmZsYXNo
SUM6J0FjdGlvbkNvbnRyb2xsZXI6OkZsYXNoOjpGbGFzaEhhc2h7BzoKZXJy
b3IiADoLbm90aWNlIgAGOgpAdXNlZHsHOxhGOxlGOgxjc3JmX2lkIiUzMTMy
NDQ3NjFlN2Y0ODc5NzA5MjUzNmQ5MGNhNTQyNw==--bb1797f66d7543d975ad1cb0db17e9d01fc973bf
  Parameters: {"action"=>"index", "controller"=>"listings"}
Cookie set: geo_location=---+%21ruby%2Fobject%3AGeoKit%3A%3AGeoLoc+%0Acity%3A+Lafayette%0Acountry_code%3A+US%0Afull_address%3A+Lafayette%2C+CA+94596%2C+USA%0Alat%3A+37.8854525%0Alng%3A+-122.0326019%0Aprecision%3A+zip%0Aprovider%3A+google%0Astate%3A+CA%0Astreet_address%3A+%0Asuccess%3A+true%0Azip%3A+%2294596%22%0A; path=/; expires=Wed, 08 Apr 2009 05:32:02 GMT
  [4;35;1mWebUser Columns (0.004000)[0m   [0mSHOW FIELDS FROM `web_users`[0m
  [4;36;1mWebUser Load (0.001000)[0m   [0;1mSELECT * FROM `web_users` WHERE (`web_users`.`remember_token` = '') LIMIT 1[0m
  [4;35;1mUser Columns (0.006000)[0m   [0mSHOW FIELDS FROM `users`[0m
  [4;36;1mUser Load (0.002000)[0m   [0;1mSELECT * FROM `users` WHERE (`users`.`name` = 'aadriasola') LIMIT 1[0m
  [4;35;1mBlogEntry Columns (0.005000)[0m   [0mSHOW FIELDS FROM `blog_entries`[0m
  [4;36;1mBlogEntry Load (0.002000)[0m   [0;1mSELECT * FROM `blog_entries` WHERE (`blog_entries`.`twit_id` = 1132532896) LIMIT 1[0m
  [4;35;1mSQL (0.000000)[0m   [0mBEGIN[0m
  [4;36;1mSQL (0.001000)[0m   [0;1mCOMMIT[0m
  [4;35;1mTag Load (0.001000)[0m   [0mSELECT `tags`.* FROM `tags` INNER JOIN taggings ON tags.id = taggings.tag_id WHERE ((`taggings`.taggable_type = 'BlogEntry') AND (`taggings`.taggable_id = NULL) AND (context='categories')) [0m
Google geocoding. Address:  San Francisco, CA . Result: <?xml version="1.0" encoding="UTF-8" ?>
<kml xmlns="http://earth.google.com/kml/2.0"><Response>
  <name> San Francisco, CA </name>
  <Status>
    <code>200</code>
    <request>geocode</request>
  </Status>
  <Placemark id="p1">
    <address>San Francisco, CA, USA</address>
    <AddressDetails Accuracy="4" xmlns="urn:oasis:names:tc:ciq:xsdschema:xAL:2.0"><Country><CountryNameCode>US</CountryNameCode><CountryName>USA</CountryName><AdministrativeArea><AdministrativeAreaName>CA</AdministrativeAreaName><Locality><LocalityName>San Francisco</LocalityName></Locality></AdministrativeArea></Country></AddressDetails>
    <ExtendedData>
      <LatLonBox north="37.8120000" south="37.7034000" east="-122.3482000" west="-122.5270000" />
    </ExtendedData>
    <Point><coordinates>-122.4192040,37.7751960,0</coordinates></Point>
  </Placemark>
</Response></kml>
  [4;36;1mSQL (0.001000)[0m   [0;1mBEGIN[0m
  [4;35;1mBlogEntry Create (0.001000)[0m   [0mINSERT INTO `blog_entries` (`where`, `updated_at`, `twit_id`, `discount`, `text`, `price`, `lng`, `price_text`, `user_id`, `what`, `lat`, `created_at`, `original`) VALUES(' San Francisco, CA ', '2009-03-09 05:32:03', 1132532896, NULL, '@wwhow Test Product # San Francisco, CA # 80', 80.0, -122.419204, NULL, 28, ' test product ', 37.775196, '2009-03-09 05:32:03', NULL)[0m
  [4;36;1mTag Load (0.001000)[0m   [0;1mSELECT `tags`.* FROM `tags` INNER JOIN taggings ON tags.id = taggings.tag_id WHERE ((`taggings`.taggable_type = 'BlogEntry') AND (`taggings`.taggable_id = 2) AND (context='categories')) [0m
  [4;35;1mCACHE (0.000000)[0m   [0mSELECT `tags`.* FROM `tags` INNER JOIN taggings ON tags.id = taggings.tag_id WHERE ((`taggings`.taggable_type = 'BlogEntry') AND (`taggings`.taggable_id = 2) AND (context='categories')) [0m
  [4;36;1mTag Load (0.001000)[0m   [0;1mSELECT * FROM `tags` WHERE (name LIKE 'test') LIMIT 1[0m
  [4;35;1mSQL (0.001000)[0m   [0mSELECT `name` FROM `tags` WHERE (`tags`.name = 'test') [0m
  [4;36;1mTag Create (0.000000)[0m   [0;1mINSERT INTO `tags` (`name`) VALUES('test')[0m
  [4;35;1mTagging Create (0.001000)[0m   [0mINSERT INTO `taggings` (`tag_id`, `taggable_type`, `taggable_id`, `context`, `created_at`) VALUES(8, 'BlogEntry', 2, 'categories', '2009-03-09 05:32:03')[0m
  [4;36;1mTag Load (0.001000)[0m   [0;1mSELECT * FROM `tags` WHERE (name LIKE 'product') LIMIT 1[0m
  [4;35;1mSQL (0.001000)[0m   [0mSELECT `name` FROM `tags` WHERE (`tags`.name = 'product') [0m
  [4;36;1mTag Create (0.001000)[0m   [0;1mINSERT INTO `tags` (`name`) VALUES('product')[0m
  [4;35;1mTagging Create (0.000000)[0m   [0mINSERT INTO `taggings` (`tag_id`, `taggable_type`, `taggable_id`, `context`, `created_at`) VALUES(9, 'BlogEntry', 2, 'categories', '2009-03-09 05:32:03')[0m
  [4;36;1mTag Load (0.001000)[0m   [0;1mSELECT * FROM `tags` WHERE (name LIKE 'test') LIMIT 1[0m
  [4;35;1mTagging Create (0.001000)[0m   [0mINSERT INTO `taggings` (`tag_id`, `taggable_type`, `taggable_id`, `context`, `created_at`) VALUES(8, 'BlogEntry', 2, 'categories', '2009-03-09 05:32:03')[0m
  [4;36;1mTag Load (0.001000)[0m   [0;1mSELECT * FROM `tags` WHERE (name LIKE 'product') LIMIT 1[0m
  [4;35;1mTagging Create (0.001000)[0m   [0mINSERT INTO `taggings` (`tag_id`, `taggable_type`, `taggable_id`, `context`, `created_at`) VALUES(9, 'BlogEntry', 2, 'categories', '2009-03-09 05:32:03')[0m
  [4;36;1mSQL (0.001000)[0m   [0;1mCOMMIT[0m
  [4;35;1mWebUser Load (0.001000)[0m   [0mSELECT * FROM `web_users` WHERE (`web_users`.`remember_token` = '') LIMIT 1[0m
  [4;36;1mCACHE (0.000000)[0m   [0;1mSELECT * FROM `web_users` WHERE (`web_users`.`remember_token` = '') LIMIT 1[0m
  [4;35;1mCACHE (0.000000)[0m   [0mSELECT * FROM `web_users` WHERE (`web_users`.`remember_token` = '') LIMIT 1[0m
  [4;36;1mBlogEntry Load (0.001000)[0m   [0;1mSELECT * FROM `blog_entries` ORDER BY created_at desc LIMIT 500[0m
  [4;35;1mUser Load (0.002000)[0m   [0mSELECT * FROM `users` WHERE (`users`.id IN ('1','28')) [0m
  [4;36;1mTagging Load (0.002000)[0m   [0;1mSELECT `taggings`.* FROM `taggings` WHERE (`taggings`.`taggable_id` IN (2,1) and `taggings`.`taggable_type` = 'BlogEntry' AND (context = 'categories')) [0m
  [4;35;1mTag Load (0.001000)[0m   [0mSELECT * FROM `tags` WHERE (`tags`.id IN ('8','9')) [0m
  [4;36;1mCACHE (0.000000)[0m   [0;1mSELECT * FROM `tags` WHERE (`tags`.id IN ('8','9')) [0m
  [4;35;1mRating Load (0.002000)[0m   [0mSELECT `ratings`.* FROM `ratings` WHERE (`ratings`.`rateable_id` IN (2,1) and `ratings`.`rateable_type` = 'BlogEntry') [0m
  [4;36;1mCACHE (0.000000)[0m   [0;1mSELECT * FROM `web_users` WHERE (`web_users`.`remember_token` = '') LIMIT 1[0m
  [4;35;1mTag Load (0.003000)[0m   [0mSELECT tags.id, tags.name, COUNT(*) AS count FROM `tags` LEFT OUTER JOIN taggings ON tags.id = taggings.tag_id AND taggings.context = 'categories' LEFT OUTER JOIN blog_entries ON blog_entries.id = taggings.taggable_id WHERE (taggings.taggable_type = 'BlogEntry') GROUP BY tags.id, tags.name HAVING COUNT(*) > 0 ORDER BY count DESC, id DESC LIMIT 50[0m
  [4;36;1mUser Load (0.001000)[0m   [0;1mSELECT * FROM `users` WHERE (rated > 0) ORDER BY rated desc LIMIT 50[0m
Rendering template within layouts/nonusers
Rendering listings/index
Rendered listings/_search (0.00100)
  [4;35;1mCACHE (0.000000)[0m   [0mSELECT * FROM `web_users` WHERE (`web_users`.`remember_token` = '') LIMIT 1[0m
Rendered listings/_tags (0.00000)
Rendered layouts/_leftbar (0.00200)
Rendered shared/_system_messages (0.00000)
Rendered listings/_search_sliders (0.00000)
Rendered listings/_map (0.00000)
  [4;36;1mCACHE (0.000000)[0m   [0;1mSELECT * FROM `web_users` WHERE (`web_users`.`remember_token` = '') LIMIT 1[0m
  [4;35;1mCACHE (0.000000)[0m   [0mSELECT * FROM `web_users` WHERE (`web_users`.`remember_token` = '') LIMIT 1[0m
Rendered ratings/_rate (0.00300)
Rendered listings/_message (0.00700)
  [4;36;1mCACHE (0.000000)[0m   [0;1mSELECT * FROM `web_users` WHERE (`web_users`.`remember_token` = '') LIMIT 1[0m
  [4;35;1mCACHE (0.000000)[0m   [0mSELECT * FROM `web_users` WHERE (`web_users`.`remember_token` = '') LIMIT 1[0m
Rendered ratings/_rate (0.00300)
Rendered listings/_message (0.00500)
Rendered listings/_messagelist (0.01300)
Rendered layouts/_rightbar (0.00000)
  [4;36;1mCACHE (0.000000)[0m   [0;1mSELECT * FROM `web_users` WHERE (`web_users`.`remember_token` = '') LIMIT 1[0m
Rendered layouts/_menu (0.00100)
  [4;35;1mCACHE (0.000000)[0m   [0mSELECT * FROM `web_users` WHERE (`web_users`.`remember_token` = '') LIMIT 1[0m
Rendered shared/_home (0.00000)
Rendered layouts/_footer (0.00100)
Completed in 0.95400 (1 reqs/sec) | Rendering: 0.02300 (2%) | DB: 0.04900 (5%) | 200 OK [http://localhost/]


Processing CommonController#privacy (for 127.0.0.1 at 2009-03-08 22:32:29) [GET]
  Session ID: BAh7DToIbWFwRjoQd2ViX3VzZXJfaWQwOhFnZW9fbG9jYXRpb25vOhNHZW9L
aXQ6Okdlb0xvYxA6DUBzdWNjZXNzVDoJQGxuZ2YULTEyMi4wMzI2MDE5AJJm
OgpAY2l0eSIOTGFmYXlldHRlOg9AcHJlY2lzaW9uIgh6aXA6EkBjb3VudHJ5
X2NvZGUiB1VTOg5AcHJvdmlkZXIiC2dvb2dsZToJQGxhdGYSMzcuODg1NDUy
NQDUqjoUQHN0cmVldF9hZGRyZXNzMDoSQGZ1bGxfYWRkcmVzcyIdTGFmYXll
dHRlLCBDQSA5NDU5NiwgVVNBOglAemlwIgo5NDU5NjoLQHN0YXRlIgdDQToU
cmVjYXB0Y2hhX2Vycm9yMDoOcmV0dXJuX3RvMDoMc2xpZGVyc0YiCmZsYXNo
SUM6J0FjdGlvbkNvbnRyb2xsZXI6OkZsYXNoOjpGbGFzaEhhc2h7BzoKZXJy
b3IiADoLbm90aWNlIgAGOgpAdXNlZHsHOxhGOxlGOgxjc3JmX2lkIiUzMTMy
NDQ3NjFlN2Y0ODc5NzA5MjUzNmQ5MGNhNTQyNw==--78fdee1e4a7d7342f2b27f97604a59029e8858f3
  Parameters: {"action"=>"privacy", "controller"=>"common"}
Rendering template within layouts/common
Rendering common/privacy
  [4;36;1mWebUser Columns (0.005000)[0m   [0;1mSHOW FIELDS FROM `web_users`[0m
  [4;35;1mWebUser Load (0.002000)[0m   [0mSELECT * FROM `web_users` WHERE (`web_users`.`remember_token` = '') LIMIT 1[0m
Rendered layouts/_menu (0.01000)
  [4;36;1mCACHE (0.000000)[0m   [0;1mSELECT * FROM `web_users` WHERE (`web_users`.`remember_token` = '') LIMIT 1[0m
Rendered shared/_home (0.00100)
Rendered shared/_system_messages (0.00000)
Rendered layouts/_footer (0.00100)
Completed in 0.05500 (18 reqs/sec) | Rendering: 0.04600 (83%) | DB: 0.00700 (12%) | 200 OK [http://localhost/privacy]


Processing CommonController#tos (for 127.0.0.1 at 2009-03-08 22:32:36) [GET]
  Session ID: BAh7DToIbWFwRjoUcmVjYXB0Y2hhX2Vycm9yMDoRZ2VvX2xvY2F0aW9ubzoT
R2VvS2l0OjpHZW9Mb2MQOg1Ac3VjY2Vzc1Q6CkBjaXR5Ig5MYWZheWV0dGU6
CUBsbmdmFC0xMjIuMDMyNjAxOQCSZjoSQGNvdW50cnlfY29kZSIHVVM6D0Bw
cmVjaXNpb24iCHppcDoUQHN0cmVldF9hZGRyZXNzMDoJQGxhdGYSMzcuODg1
NDUyNQDUqjoOQHByb3ZpZGVyIgtnb29nbGU6EkBmdWxsX2FkZHJlc3MiHUxh
ZmF5ZXR0ZSwgQ0EgOTQ1OTYsIFVTQToJQHppcCIKOTQ1OTY6C0BzdGF0ZSIH
Q0E6EHdlYl91c2VyX2lkMDoOcmV0dXJuX3RvMDoMc2xpZGVyc0YiCmZsYXNo
SUM6J0FjdGlvbkNvbnRyb2xsZXI6OkZsYXNoOjpGbGFzaEhhc2h7BzoKZXJy
b3IiADoLbm90aWNlIgAGOgpAdXNlZHsHOxhGOxlGOgxjc3JmX2lkIiUzMTMy
NDQ3NjFlN2Y0ODc5NzA5MjUzNmQ5MGNhNTQyNw==--bb1797f66d7543d975ad1cb0db17e9d01fc973bf
  Parameters: {"action"=>"tos", "controller"=>"common"}
Rendering template within layouts/common
Rendering common/tos
  [4;35;1mWebUser Columns (0.005000)[0m   [0mSHOW FIELDS FROM `web_users`[0m
  [4;36;1mWebUser Load (0.002000)[0m   [0;1mSELECT * FROM `web_users` WHERE (`web_users`.`remember_token` = '') LIMIT 1[0m
Rendered layouts/_menu (0.01000)
  [4;35;1mCACHE (0.000000)[0m   [0mSELECT * FROM `web_users` WHERE (`web_users`.`remember_token` = '') LIMIT 1[0m
Rendered shared/_home (0.00100)
Rendered shared/_system_messages (0.00000)
Rendered layouts/_footer (0.00000)
Completed in 0.10400 (9 reqs/sec) | Rendering: 0.09200 (88%) | DB: 0.00700 (6%) | 200 OK [http://localhost/tos]


Processing ListingsController#index (for 127.0.0.1 at 2009-03-08 22:32:54) [GET]
  Session ID: BAh7DToIbWFwRjoQd2ViX3VzZXJfaWQwOhFnZW9fbG9jYXRpb25vOhNHZW9L
aXQ6Okdlb0xvYxA6DUBzdWNjZXNzVDoJQGxuZ2YULTEyMi4wMzI2MDE5AJJm
OgpAY2l0eSIOTGFmYXlldHRlOg9AcHJlY2lzaW9uIgh6aXA6EkBjb3VudHJ5
X2NvZGUiB1VTOg5AcHJvdmlkZXIiC2dvb2dsZToJQGxhdGYSMzcuODg1NDUy
NQDUqjoUQHN0cmVldF9hZGRyZXNzMDoSQGZ1bGxfYWRkcmVzcyIdTGFmYXll
dHRlLCBDQSA5NDU5NiwgVVNBOglAemlwIgo5NDU5NjoLQHN0YXRlIgdDQToU
cmVjYXB0Y2hhX2Vycm9yMDoOcmV0dXJuX3RvMDoMc2xpZGVyc0YiCmZsYXNo
SUM6J0FjdGlvbkNvbnRyb2xsZXI6OkZsYXNoOjpGbGFzaEhhc2h7BzoKZXJy
b3IiADoLbm90aWNlIgAGOgpAdXNlZHsHOxhGOxlGOgxjc3JmX2lkIiUzMTMy
NDQ3NjFlN2Y0ODc5NzA5MjUzNmQ5MGNhNTQyNw==--78fdee1e4a7d7342f2b27f97604a59029e8858f3
  Parameters: {"action"=>"index", "controller"=>"listings"}
Cookie set: geo_location=---+%21ruby%2Fobject%3AGeoKit%3A%3AGeoLoc+%0Acity%3A+Lafayette%0Acountry_code%3A+US%0Afull_address%3A+Lafayette%2C+CA+94596%2C+USA%0Alat%3A+37.8854525%0Alng%3A+-122.0326019%0Aprecision%3A+zip%0Aprovider%3A+google%0Astate%3A+CA%0Astreet_address%3A+%0Asuccess%3A+true%0Azip%3A+%2294596%22%0A; path=/; expires=Wed, 08 Apr 2009 05:32:54 GMT
  [4;36;1mWebUser Columns (0.005000)[0m   [0;1mSHOW FIELDS FROM `web_users`[0m
  [4;35;1mWebUser Load (0.002000)[0m   [0mSELECT * FROM `web_users` WHERE (`web_users`.`remember_token` = '') LIMIT 1[0m
  [4;36;1mUser Columns (0.006000)[0m   [0;1mSHOW FIELDS FROM `users`[0m
  [4;35;1mUser Load (0.002000)[0m   [0mSELECT * FROM `users` WHERE (`users`.`name` = 'aadriasola') LIMIT 1[0m
  [4;36;1mBlogEntry Columns (0.004000)[0m   [0;1mSHOW FIELDS FROM `blog_entries`[0m
  [4;35;1mBlogEntry Load (0.002000)[0m   [0mSELECT * FROM `blog_entries` WHERE (`blog_entries`.`twit_id` = 1132532896) LIMIT 1[0m
  [4;36;1mTag Load (0.001000)[0m   [0;1mSELECT `tags`.* FROM `tags` INNER JOIN taggings ON tags.id = taggings.tag_id WHERE ((`taggings`.taggable_type = 'BlogEntry') AND (`taggings`.taggable_id = 2) AND (context='categories')) [0m
Google geocoding. Address:  San Francisco, CA . Result: <?xml version="1.0" encoding="UTF-8" ?>
<kml xmlns="http://earth.google.com/kml/2.0"><Response>
  <name> San Francisco, CA </name>
  <Status>
    <code>200</code>
    <request>geocode</request>
  </Status>
  <Placemark id="p1">
    <address>San Francisco, CA, USA</address>
    <AddressDetails Accuracy="4" xmlns="urn:oasis:names:tc:ciq:xsdschema:xAL:2.0"><Country><CountryNameCode>US</CountryNameCode><CountryName>USA</CountryName><AdministrativeArea><AdministrativeAreaName>CA</AdministrativeAreaName><Locality><LocalityName>San Francisco</LocalityName></Locality></AdministrativeArea></Country></AddressDetails>
    <ExtendedData>
      <LatLonBox north="37.8120000" south="37.7034000" east="-122.3482000" west="-122.5270000" />
    </ExtendedData>
    <Point><coordinates>-122.4192040,37.7751960,0</coordinates></Point>
  </Placemark>
</Response></kml>
  [4;35;1mSQL (0.001000)[0m   [0mBEGIN[0m
  [4;36;1mBlogEntry Update (0.001000)[0m   [0;1mUPDATE `blog_entries` SET `lat` = 37.775196, `lng` = -122.419204, `updated_at` = '2009-03-09 05:32:55' WHERE `id` = 2[0m
  [4;35;1mTag Load (0.001000)[0m   [0mSELECT `tags`.* FROM `tags` INNER JOIN taggings ON tags.id = taggings.tag_id WHERE ((`taggings`.taggable_type = 'BlogEntry') AND (`taggings`.taggable_id = 2) AND (context='categories')) [0m
  [4;36;1mCACHE (0.000000)[0m   [0;1mSELECT `tags`.* FROM `tags` INNER JOIN taggings ON tags.id = taggings.tag_id WHERE ((`taggings`.taggable_type = 'BlogEntry') AND (`taggings`.taggable_id = 2) AND (context='categories')) [0m
  [4;35;1mSQL (0.003000)[0m   [0mCOMMIT[0m
  [4;36;1mWebUser Load (0.001000)[0m   [0;1mSELECT * FROM `web_users` WHERE (`web_users`.`remember_token` = '') LIMIT 1[0m
  [4;35;1mCACHE (0.000000)[0m   [0mSELECT * FROM `web_users` WHERE (`web_users`.`remember_token` = '') LIMIT 1[0m
  [4;36;1mCACHE (0.000000)[0m   [0;1mSELECT * FROM `web_users` WHERE (`web_users`.`remember_token` = '') LIMIT 1[0m
  [4;35;1mBlogEntry Load (0.002000)[0m   [0mSELECT * FROM `blog_entries` ORDER BY created_at desc LIMIT 500[0m
  [4;36;1mUser Load (0.002000)[0m   [0;1mSELECT * FROM `users` WHERE (`users`.id IN ('1','28')) [0m
  [4;35;1mTagging Load (0.001000)[0m   [0mSELECT `taggings`.* FROM `taggings` WHERE (`taggings`.`taggable_id` IN (2,1) and `taggings`.`taggable_type` = 'BlogEntry' AND (context = 'categories')) [0m
  [4;36;1mTag Load (0.001000)[0m   [0;1mSELECT * FROM `tags` WHERE (`tags`.id IN ('8','9')) [0m
  [4;35;1mCACHE (0.000000)[0m   [0mSELECT * FROM `tags` WHERE (`tags`.id IN ('8','9')) [0m
  [4;36;1mRating Load (0.001000)[0m   [0;1mSELECT `ratings`.* FROM `ratings` WHERE (`ratings`.`rateable_id` IN (2,1) and `ratings`.`rateable_type` = 'BlogEntry') [0m
  [4;35;1mCACHE (0.000000)[0m   [0mSELECT * FROM `web_users` WHERE (`web_users`.`remember_token` = '') LIMIT 1[0m
  [4;36;1mTag Load (0.004000)[0m   [0;1mSELECT tags.id, tags.name, COUNT(*) AS count FROM `tags` LEFT OUTER JOIN taggings ON tags.id = taggings.tag_id AND taggings.context = 'categories' LEFT OUTER JOIN blog_entries ON blog_entries.id = taggings.taggable_id WHERE (taggings.taggable_type = 'BlogEntry') GROUP BY tags.id, tags.name HAVING COUNT(*) > 0 ORDER BY count DESC, id DESC LIMIT 50[0m
  [4;35;1mUser Load (0.002000)[0m   [0mSELECT * FROM `users` WHERE (rated > 0) ORDER BY rated desc LIMIT 50[0m
Rendering template within layouts/nonusers
Rendering listings/index
Rendered listings/_search (0.00100)
  [4;36;1mCACHE (0.000000)[0m   [0;1mSELECT * FROM `web_users` WHERE (`web_users`.`remember_token` = '') LIMIT 1[0m
Rendered listings/_tags (0.00000)
Rendered layouts/_leftbar (0.00100)
Rendered shared/_system_messages (0.00100)
Rendered listings/_search_sliders (0.00000)
Rendered listings/_map (0.00000)
  [4;35;1mCACHE (0.000000)[0m   [0mSELECT * FROM `web_users` WHERE (`web_users`.`remember_token` = '') LIMIT 1[0m
  [4;36;1mCACHE (0.000000)[0m   [0;1mSELECT * FROM `web_users` WHERE (`web_users`.`remember_token` = '') LIMIT 1[0m
Rendered ratings/_rate (0.00300)
Rendered listings/_message (0.00700)
  [4;35;1mCACHE (0.000000)[0m   [0mSELECT * FROM `web_users` WHERE (`web_users`.`remember_token` = '') LIMIT 1[0m
  [4;36;1mCACHE (0.000000)[0m   [0;1mSELECT * FROM `web_users` WHERE (`web_users`.`remember_token` = '') LIMIT 1[0m
Rendered ratings/_rate (0.00300)
Rendered listings/_message (0.00500)
Rendered listings/_messagelist (0.01500)
Rendered layouts/_rightbar (0.00000)
  [4;35;1mCACHE (0.000000)[0m   [0mSELECT * FROM `web_users` WHERE (`web_users`.`remember_token` = '') LIMIT 1[0m
Rendered layouts/_menu (0.00100)
  [4;36;1mCACHE (0.000000)[0m   [0;1mSELECT * FROM `web_users` WHERE (`web_users`.`remember_token` = '') LIMIT 1[0m
Rendered shared/_home (0.00100)
Rendered layouts/_footer (0.00000)
Completed in 0.53000 (1 reqs/sec) | Rendering: 0.02400 (4%) | DB: 0.04200 (7%) | 200 OK [http://localhost/]


Processing ListingsController#index (for 127.0.0.1 at 2009-03-08 22:33:11) [GET]
  Session ID: BAh7DToIbWFwRjoUcmVjYXB0Y2hhX2Vycm9yMDoRZ2VvX2xvY2F0aW9ubzoT
R2VvS2l0OjpHZW9Mb2MQOg1Ac3VjY2Vzc1Q6CkBjaXR5Ig5MYWZheWV0dGU6
CUBsbmdmFC0xMjIuMDMyNjAxOQCSZjoSQGNvdW50cnlfY29kZSIHVVM6D0Bw
cmVjaXNpb24iCHppcDoUQHN0cmVldF9hZGRyZXNzMDoJQGxhdGYSMzcuODg1
NDUyNQDUqjoOQHByb3ZpZGVyIgtnb29nbGU6EkBmdWxsX2FkZHJlc3MiHUxh
ZmF5ZXR0ZSwgQ0EgOTQ1OTYsIFVTQToJQHppcCIKOTQ1OTY6C0BzdGF0ZSIH
Q0E6EHdlYl91c2VyX2lkMDoOcmV0dXJuX3RvMDoMc2xpZGVyc0YiCmZsYXNo
SUM6J0FjdGlvbkNvbnRyb2xsZXI6OkZsYXNoOjpGbGFzaEhhc2h7BzoKZXJy
b3IiADoLbm90aWNlIgAGOgpAdXNlZHsHOxhGOxlGOgxjc3JmX2lkIiUzMTMy
NDQ3NjFlN2Y0ODc5NzA5MjUzNmQ5MGNhNTQyNw==--bb1797f66d7543d975ad1cb0db17e9d01fc973bf
  Parameters: {"action"=>"index", "controller"=>"listings"}
Cookie set: geo_location=---+%21ruby%2Fobject%3AGeoKit%3A%3AGeoLoc+%0Acity%3A+Lafayette%0Acountry_code%3A+US%0Afull_address%3A+Lafayette%2C+CA+94596%2C+USA%0Alat%3A+37.8854525%0Alng%3A+-122.0326019%0Aprecision%3A+zip%0Aprovider%3A+google%0Astate%3A+CA%0Astreet_address%3A+%0Asuccess%3A+true%0Azip%3A+%2294596%22%0A; path=/; expires=Wed, 08 Apr 2009 05:33:11 GMT
  [4;35;1mWebUser Columns (0.005000)[0m   [0mSHOW FIELDS FROM `web_users`[0m
  [4;36;1mWebUser Load (0.002000)[0m   [0;1mSELECT * FROM `web_users` WHERE (`web_users`.`remember_token` = '') LIMIT 1[0m
  [4;35;1mUser Columns (0.005000)[0m   [0mSHOW FIELDS FROM `users`[0m
  [4;36;1mUser Load (0.002000)[0m   [0;1mSELECT * FROM `users` WHERE (`users`.`name` = 'aadriasola') LIMIT 1[0m
  [4;35;1mBlogEntry Columns (0.005000)[0m   [0mSHOW FIELDS FROM `blog_entries`[0m
  [4;36;1mBlogEntry Load (0.002000)[0m   [0;1mSELECT * FROM `blog_entries` WHERE (`blog_entries`.`twit_id` = 1132532896) LIMIT 1[0m
  [4;35;1mTag Load (0.001000)[0m   [0mSELECT `tags`.* FROM `tags` INNER JOIN taggings ON tags.id = taggings.tag_id WHERE ((`taggings`.taggable_type = 'BlogEntry') AND (`taggings`.taggable_id = 2) AND (context='categories')) [0m
Google geocoding. Address:  San Francisco, CA . Result: <?xml version="1.0" encoding="UTF-8" ?>
<kml xmlns="http://earth.google.com/kml/2.0"><Response>
  <name> San Francisco, CA </name>
  <Status>
    <code>200</code>
    <request>geocode</request>
  </Status>
  <Placemark id="p1">
    <address>San Francisco, CA, USA</address>
    <AddressDetails Accuracy="4" xmlns="urn:oasis:names:tc:ciq:xsdschema:xAL:2.0"><Country><CountryNameCode>US</CountryNameCode><CountryName>USA</CountryName><AdministrativeArea><AdministrativeAreaName>CA</AdministrativeAreaName><Locality><LocalityName>San Francisco</LocalityName></Locality></AdministrativeArea></Country></AddressDetails>
    <ExtendedData>
      <LatLonBox north="37.8120000" south="37.7034000" east="-122.3482000" west="-122.5270000" />
    </ExtendedData>
    <Point><coordinates>-122.4192040,37.7751960,0</coordinates></Point>
  </Placemark>
</Response></kml>
  [4;36;1mSQL (0.001000)[0m   [0;1mBEGIN[0m
  [4;35;1mBlogEntry Update (0.001000)[0m   [0mUPDATE `blog_entries` SET `lat` = 37.775196, `lng` = -122.419204, `updated_at` = '2009-03-09 05:33:11' WHERE `id` = 2[0m
  [4;36;1mTag Load (0.001000)[0m   [0;1mSELECT `tags`.* FROM `tags` INNER JOIN taggings ON tags.id = taggings.tag_id WHERE ((`taggings`.taggable_type = 'BlogEntry') AND (`taggings`.taggable_id = 2) AND (context='categories')) [0m
  [4;35;1mCACHE (0.000000)[0m   [0mSELECT `tags`.* FROM `tags` INNER JOIN taggings ON tags.id = taggings.tag_id WHERE ((`taggings`.taggable_type = 'BlogEntry') AND (`taggings`.taggable_id = 2) AND (context='categories')) [0m
  [4;36;1mSQL (0.002000)[0m   [0;1mCOMMIT[0m
  [4;35;1mWebUser Load (0.002000)[0m   [0mSELECT * FROM `web_users` WHERE (`web_users`.`remember_token` = '') LIMIT 1[0m
  [4;36;1mCACHE (0.000000)[0m   [0;1mSELECT * FROM `web_users` WHERE (`web_users`.`remember_token` = '') LIMIT 1[0m
  [4;35;1mCACHE (0.000000)[0m   [0mSELECT * FROM `web_users` WHERE (`web_users`.`remember_token` = '') LIMIT 1[0m
  [4;36;1mBlogEntry Load (0.002000)[0m   [0;1mSELECT * FROM `blog_entries` ORDER BY created_at desc LIMIT 500[0m
  [4;35;1mUser Load (0.002000)[0m   [0mSELECT * FROM `users` WHERE (`users`.id IN ('1','28')) [0m
  [4;36;1mTagging Load (0.001000)[0m   [0;1mSELECT `taggings`.* FROM `taggings` WHERE (`taggings`.`taggable_id` IN (2,1) and `taggings`.`taggable_type` = 'BlogEntry' AND (context = 'categories')) [0m
  [4;35;1mTag Load (0.001000)[0m   [0mSELECT * FROM `tags` WHERE (`tags`.id IN ('8','9')) [0m
  [4;36;1mCACHE (0.000000)[0m   [0;1mSELECT * FROM `tags` WHERE (`tags`.id IN ('8','9')) [0m
  [4;35;1mRating Load (0.001000)[0m   [0mSELECT `ratings`.* FROM `ratings` WHERE (`ratings`.`rateable_id` IN (2,1) and `ratings`.`rateable_type` = 'BlogEntry') [0m
  [4;36;1mCACHE (0.000000)[0m   [0;1mSELECT * FROM `web_users` WHERE (`web_users`.`remember_token` = '') LIMIT 1[0m
  [4;35;1mTag Load (0.004000)[0m   [0mSELECT tags.id, tags.name, COUNT(*) AS count FROM `tags` LEFT OUTER JOIN taggings ON tags.id = taggings.tag_id AND taggings.context = 'categories' LEFT OUTER JOIN blog_entries ON blog_entries.id = taggings.taggable_id WHERE (taggings.taggable_type = 'BlogEntry') GROUP BY tags.id, tags.name HAVING COUNT(*) > 0 ORDER BY count DESC, id DESC LIMIT 50[0m
  [4;36;1mUser Load (0.002000)[0m   [0;1mSELECT * FROM `users` WHERE (rated > 0) ORDER BY rated desc LIMIT 50[0m
Rendering template within layouts/nonusers
Rendering listings/index
Rendered listings/_search (0.00100)
  [4;35;1mCACHE (0.000000)[0m   [0mSELECT * FROM `web_users` WHERE (`web_users`.`remember_token` = '') LIMIT 1[0m
Rendered listings/_tags (0.00000)
Rendered layouts/_leftbar (0.00200)
Rendered shared/_system_messages (0.00000)
Rendered listings/_search_sliders (0.00000)
Rendered listings/_map (0.00100)
  [4;36;1mCACHE (0.000000)[0m   [0;1mSELECT * FROM `web_users` WHERE (`web_users`.`remember_token` = '') LIMIT 1[0m
  [4;35;1mCACHE (0.000000)[0m   [0mSELECT * FROM `web_users` WHERE (`web_users`.`remember_token` = '') LIMIT 1[0m
Rendered ratings/_rate (0.00200)
Rendered listings/_message (0.00700)
  [4;36;1mCACHE (0.000000)[0m   [0;1mSELECT * FROM `web_users` WHERE (`web_users`.`remember_token` = '') LIMIT 1[0m
  [4;35;1mCACHE (0.000000)[0m   [0mSELECT * FROM `web_users` WHERE (`web_users`.`remember_token` = '') LIMIT 1[0m
Rendered ratings/_rate (0.00200)
Rendered listings/_message (0.00400)
Rendered listings/_messagelist (0.01300)
Rendered layouts/_rightbar (0.00100)
  [4;36;1mCACHE (0.000000)[0m   [0;1mSELECT * FROM `web_users` WHERE (`web_users`.`remember_token` = '') LIMIT 1[0m
Rendered layouts/_menu (0.00100)
  [4;35;1mCACHE (0.000000)[0m   [0mSELECT * FROM `web_users` WHERE (`web_users`.`remember_token` = '') LIMIT 1[0m
Rendered shared/_home (0.00000)
Rendered layouts/_footer (0.00000)
Completed in 0.60800 (1 reqs/sec) | Rendering: 0.02300 (3%) | DB: 0.04200 (6%) | 200 OK [http://localhost/]


Processing ListingsController#index (for 127.0.0.1 at 2009-03-09 08:56:48) [GET]
  Session ID: 92845b28aa874f5e66b98cafc8b2bdc6
  Parameters: {"action"=>"index", "controller"=>"listings"}
WARNING: You're using the Ruby-based MySQL library that ships with Rails. This library is not suited for production. Please install the C-based MySQL library instead (gem install mysql).
  [4;36;1mSQL (0.001000)[0m   [0;1mSET NAMES 'utf8'[0m
  [4;35;1mSQL (0.000000)[0m   [0mSET SQL_AUTO_IS_NULL=0[0m
  [4;36;1mUser Columns (0.005000)[0m   [0;1mSHOW FIELDS FROM `users`[0m
  [4;35;1mUser Load (0.002000)[0m   [0mSELECT * FROM `users` WHERE (`users`.`name` = 'aadriasola') LIMIT 1[0m
  [4;36;1mBlogEntry Columns (0.005000)[0m   [0;1mSHOW FIELDS FROM `blog_entries`[0m
  [4;35;1mBlogEntry Load (0.002000)[0m   [0mSELECT * FROM `blog_entries` WHERE (`blog_entries`.`twit_id` = 1132532896) LIMIT 1[0m
  [4;36;1mTagging Columns (0.005000)[0m   [0;1mSHOW FIELDS FROM `taggings`[0m
  [4;35;1mTag Load (0.002000)[0m   [0mSELECT `tags`.* FROM `tags` INNER JOIN taggings ON tags.id = taggings.tag_id WHERE ((`taggings`.taggable_type = 'BlogEntry') AND (`taggings`.taggable_id = 2) AND (context='categories')) [0m
  [4;36;1mTag Columns (0.005000)[0m   [0;1mSHOW FIELDS FROM `tags`[0m
Google geocoding. Address:  San Francisco, CA . Result: <?xml version="1.0" encoding="UTF-8" ?>
<kml xmlns="http://earth.google.com/kml/2.0"><Response>
  <name> San Francisco, CA </name>
  <Status>
    <code>200</code>
    <request>geocode</request>
  </Status>
  <Placemark id="p1">
    <address>San Francisco, CA, USA</address>
    <AddressDetails Accuracy="4" xmlns="urn:oasis:names:tc:ciq:xsdschema:xAL:2.0"><Country><CountryNameCode>US</CountryNameCode><CountryName>USA</CountryName><AdministrativeArea><AdministrativeAreaName>CA</AdministrativeAreaName><Locality><LocalityName>San Francisco</LocalityName></Locality></AdministrativeArea></Country></AddressDetails>
    <ExtendedData>
      <LatLonBox north="37.8120000" south="37.7034000" east="-122.3482000" west="-122.5270000" />
    </ExtendedData>
    <Point><coordinates>-122.4192040,37.7751960,0</coordinates></Point>
  </Placemark>
</Response></kml>
  [4;35;1mSQL (0.001000)[0m   [0mBEGIN[0m
  [4;36;1mBlogEntry Update (0.001000)[0m   [0;1mUPDATE `blog_entries` SET `lat` = 37.775196, `lng` = -122.419204, `updated_at` = '2009-03-09 15:56:49' WHERE `id` = 2[0m
  [4;35;1mTag Load (0.001000)[0m   [0mSELECT `tags`.* FROM `tags` INNER JOIN taggings ON tags.id = taggings.tag_id WHERE ((`taggings`.taggable_type = 'BlogEntry') AND (`taggings`.taggable_id = 2) AND (context='categories')) [0m
  [4;36;1mCACHE (0.000000)[0m   [0;1mSELECT `tags`.* FROM `tags` INNER JOIN taggings ON tags.id = taggings.tag_id WHERE ((`taggings`.taggable_type = 'BlogEntry') AND (`taggings`.taggable_id = 2) AND (context='categories')) [0m
  [4;35;1mSQL (0.012000)[0m   [0mCOMMIT[0m
Google geocoding. Address: San Francisco, CA, USA. Result: <?xml version="1.0" encoding="UTF-8" ?>
<kml xmlns="http://earth.google.com/kml/2.0"><Response>
  <name>San Francisco, CA, USA</name>
  <Status>
    <code>200</code>
    <request>geocode</request>
  </Status>
  <Placemark id="p1">
    <address>San Francisco, CA, USA</address>
    <AddressDetails Accuracy="4" xmlns="urn:oasis:names:tc:ciq:xsdschema:xAL:2.0"><Country><CountryNameCode>US</CountryNameCode><CountryName>USA</CountryName><AdministrativeArea><AdministrativeAreaName>CA</AdministrativeAreaName><Locality><LocalityName>San Francisco</LocalityName></Locality></AdministrativeArea></Country></AddressDetails>
    <ExtendedData>
      <LatLonBox north="37.8120000" south="37.7034000" east="-122.3482000" west="-122.5270000" />
    </ExtendedData>
    <Point><coordinates>-122.4192040,37.7751960,0</coordinates></Point>
  </Placemark>
</Response></kml>
  [4;36;1mBlogEntry Load (0.002000)[0m   [0;1mSELECT * FROM `blog_entries` ORDER BY created_at desc LIMIT 500[0m
  [4;35;1mUser Load (0.002000)[0m   [0mSELECT * FROM `users` WHERE (`users`.id IN ('1','28')) [0m
  [4;36;1mTagging Load (0.002000)[0m   [0;1mSELECT `taggings`.* FROM `taggings` WHERE (`taggings`.`taggable_id` IN (2,1) and `taggings`.`taggable_type` = 'BlogEntry' AND (context = 'categories')) [0m
  [4;35;1mTag Load (0.001000)[0m   [0mSELECT * FROM `tags` WHERE (`tags`.id IN ('8','9')) [0m
  [4;36;1mCACHE (0.000000)[0m   [0;1mSELECT * FROM `tags` WHERE (`tags`.id IN ('8','9')) [0m
  [4;35;1mRating Load (0.002000)[0m   [0mSELECT `ratings`.* FROM `ratings` WHERE (`ratings`.`rateable_id` IN (2,1) and `ratings`.`rateable_type` = 'BlogEntry') [0m
  [4;36;1mTag Load (0.003000)[0m   [0;1mSELECT tags.id, tags.name, COUNT(*) AS count FROM `tags` LEFT OUTER JOIN taggings ON tags.id = taggings.tag_id AND taggings.context = 'categories' LEFT OUTER JOIN blog_entries ON blog_entries.id = taggings.taggable_id WHERE (taggings.taggable_type = 'BlogEntry') GROUP BY tags.id, tags.name HAVING COUNT(*) > 0 ORDER BY count DESC, id DESC LIMIT 50[0m
  [4;35;1mUser Load (0.002000)[0m   [0mSELECT * FROM `users` WHERE (rated > 0) ORDER BY rated desc LIMIT 50[0m
Rendering template within layouts/nonusers
Rendering listings/index
Rendered listings/_search (0.00100)
Rendered listings/_tags (0.00100)
Rendered layouts/_leftbar (0.00300)
Rendered shared/_system_messages (0.00000)
Rendered listings/_search_sliders (0.00000)
Rendered listings/_map (0.00100)


ActionView::TemplateError (undefined method `index' for 80.0:Float) on line #29 of listings/_message.html.erb:
26:     <td>
27:         <span class="price">  <%=
28: 
29:             displaytext =  (@histmsg.price.index(/[1234567890]/) == 0) && (@histmsg.price_text.downcase.index(/[aeioubcdfghjklmnpqrstvxxyz]/))            
30:             if displaytext
31:                 @histmsg.price_text
32:             else

    app/views/listings/_message.html.erb:29:in `_run_erb_47app47views47listings47_message46html46erb'
    C:/ruby/lib/ruby/gems/1.8/gems/actionpack-2.1.0/lib/action_view/base.rb:338:in `send'
    C:/ruby/lib/ruby/gems/1.8/gems/actionpack-2.1.0/lib/action_view/base.rb:338:in `execute'
    C:/ruby/lib/ruby/gems/1.8/gems/actionpack-2.1.0/lib/action_view/template_handlers/compilable.rb:29:in `send'
    C:/ruby/lib/ruby/gems/1.8/gems/actionpack-2.1.0/lib/action_view/template_handlers/compilable.rb:29:in `render'
    C:/ruby/lib/ruby/gems/1.8/gems/actionpack-2.1.0/lib/action_view/partial_template.rb:20:in `render'
    C:/ruby/lib/ruby/gems/1.8/gems/actionpack-2.1.0/lib/action_controller/benchmarking.rb:26:in `benchmark'
    C:/ruby/lib/ruby/gems/1.8/gems/activesupport-2.1.0/lib/active_support/core_ext/benchmark.rb:8:in `realtime'
    C:/ruby/lib/ruby/gems/1.8/gems/actionpack-2.1.0/lib/action_controller/benchmarking.rb:26:in `benchmark'
    C:/ruby/lib/ruby/gems/1.8/gems/actionpack-2.1.0/lib/action_view/partial_template.rb:19:in `render'
    C:/ruby/lib/ruby/gems/1.8/gems/actionpack-2.1.0/lib/action_view/template.rb:22:in `render_template'
    C:/ruby/lib/ruby/gems/1.8/gems/actionpack-2.1.0/lib/action_view/partials.rb:110:in `render_partial'
    app/views/listings/_messagelist.html.erb:39:in `_run_erb_47app47views47listings47_messagelist46html46erb'
    app/views/listings/_messagelist.html.erb:38:in `each'
    app/views/listings/_messagelist.html.erb:38:in `_run_erb_47app47views47listings47_messagelist46html46erb'
    C:/ruby/lib/ruby/gems/1.8/gems/actionpack-2.1.0/lib/action_view/base.rb:338:in `send'
    C:/ruby/lib/ruby/gems/1.8/gems/actionpack-2.1.0/lib/action_view/base.rb:338:in `execute'
    C:/ruby/lib/ruby/gems/1.8/gems/actionpack-2.1.0/lib/action_view/template_handlers/compilable.rb:29:in `send'
    C:/ruby/lib/ruby/gems/1.8/gems/actionpack-2.1.0/lib/action_view/template_handlers/compilable.rb:29:in `render'
    C:/ruby/lib/ruby/gems/1.8/gems/actionpack-2.1.0/lib/action_view/partial_template.rb:20:in `render'
    C:/ruby/lib/ruby/gems/1.8/gems/actionpack-2.1.0/lib/action_controller/benchmarking.rb:26:in `benchmark'
    C:/ruby/lib/ruby/gems/1.8/gems/activesupport-2.1.0/lib/active_support/core_ext/benchmark.rb:8:in `realtime'
    C:/ruby/lib/ruby/gems/1.8/gems/actionpack-2.1.0/lib/action_controller/benchmarking.rb:26:in `benchmark'
    C:/ruby/lib/ruby/gems/1.8/gems/actionpack-2.1.0/lib/action_view/partial_template.rb:19:in `render'
    C:/ruby/lib/ruby/gems/1.8/gems/actionpack-2.1.0/lib/action_view/template.rb:22:in `render_template'
    C:/ruby/lib/ruby/gems/1.8/gems/actionpack-2.1.0/lib/action_view/partials.rb:110:in `render_partial'
    app/views/listings/index.html.erb:17:in `_run_erb_47app47views47listings47index46html46erb'
    C:/ruby/lib/ruby/gems/1.8/gems/actionpack-2.1.0/lib/action_view/helpers/form_helper.rb:317:in `fields_for'
    C:/ruby/lib/ruby/gems/1.8/gems/actionpack-2.1.0/lib/action_view/helpers/form_helper.rb:253:in `form_for'
    app/views/listings/index.html.erb:1:in `_run_erb_47app47views47listings47index46html46erb'
    C:/ruby/lib/ruby/gems/1.8/gems/actionpack-2.1.0/lib/action_view/base.rb:338:in `send'
    C:/ruby/lib/ruby/gems/1.8/gems/actionpack-2.1.0/lib/action_view/base.rb:338:in `execute'
    C:/ruby/lib/ruby/gems/1.8/gems/actionpack-2.1.0/lib/action_view/template_handlers/compilable.rb:29:in `send'
    C:/ruby/lib/ruby/gems/1.8/gems/actionpack-2.1.0/lib/action_view/template_handlers/compilable.rb:29:in `render'
    C:/ruby/lib/ruby/gems/1.8/gems/actionpack-2.1.0/lib/action_view/template.rb:35:in `render'
    C:/ruby/lib/ruby/gems/1.8/gems/actionpack-2.1.0/lib/action_view/template.rb:22:in `render_template'
    C:/ruby/lib/ruby/gems/1.8/gems/actionpack-2.1.0/lib/action_view/base.rb:245:in `render_file'
    C:/ruby/lib/ruby/gems/1.8/gems/actionpack-2.1.0/lib/action_controller/base.rb:1108:in `render_for_file'
    C:/ruby/lib/ruby/gems/1.8/gems/actionpack-2.1.0/lib/action_controller/base.rb:865:in `render_with_no_layout'
    C:/ruby/lib/ruby/gems/1.8/gems/actionpack-2.1.0/lib/action_controller/base.rb:880:in `render_with_no_layout'
    C:/ruby/lib/ruby/gems/1.8/gems/actionpack-2.1.0/lib/action_controller/layout.rb:251:in `render_without_benchmark'
    C:/ruby/lib/ruby/gems/1.8/gems/actionpack-2.1.0/lib/action_controller/benchmarking.rb:51:in `render'
    C:/ruby/lib/ruby/gems/1.8/gems/activesupport-2.1.0/lib/active_support/core_ext/benchmark.rb:8:in `realtime'
    C:/ruby/lib/ruby/gems/1.8/gems/actionpack-2.1.0/lib/action_controller/benchmarking.rb:51:in `render'
    C:/ruby/lib/ruby/gems/1.8/gems/actionpack-2.1.0/lib/action_controller/mime_responds.rb:131:in `send'
    C:/ruby/lib/ruby/gems/1.8/gems/actionpack-2.1.0/lib/action_controller/mime_responds.rb:131:in `custom'
    C:/ruby/lib/ruby/gems/1.8/gems/actionpack-2.1.0/lib/action_controller/mime_responds.rb:160:in `call'
    C:/ruby/lib/ruby/gems/1.8/gems/actionpack-2.1.0/lib/action_controller/mime_responds.rb:160:in `respond'
    C:/ruby/lib/ruby/gems/1.8/gems/actionpack-2.1.0/lib/action_controller/mime_responds.rb:154:in `each'
    C:/ruby/lib/ruby/gems/1.8/gems/actionpack-2.1.0/lib/action_controller/mime_responds.rb:154:in `respond'
    C:/ruby/lib/ruby/gems/1.8/gems/actionpack-2.1.0/lib/action_controller/mime_responds.rb:107:in `respond_to'
    app/controllers/listings_controller.rb:18:in `index'
    C:/ruby/lib/ruby/gems/1.8/gems/actionpack-2.1.0/lib/action_controller/base.rb:1162:in `send'
    C:/ruby/lib/ruby/gems/1.8/gems/actionpack-2.1.0/lib/action_controller/base.rb:1162:in `perform_action_without_filters'
    C:/ruby/lib/ruby/gems/1.8/gems/actionpack-2.1.0/lib/action_controller/filters.rb:580:in `call_filters'
    C:/ruby/lib/ruby/gems/1.8/gems/actionpack-2.1.0/lib/action_controller/filters.rb:573:in `perform_action_without_benchmark'
    C:/ruby/lib/ruby/gems/1.8/gems/actionpack-2.1.0/lib/action_controller/benchmarking.rb:68:in `perform_action_without_rescue'
    C:/ruby/lib/ruby/1.8/benchmark.rb:293:in `measure'
    C:/ruby/lib/ruby/gems/1.8/gems/actionpack-2.1.0/lib/action_controller/benchmarking.rb:68:in `perform_action_without_rescue'
    C:/ruby/lib/ruby/gems/1.8/gems/actionpack-2.1.0/lib/action_controller/rescue.rb:201:in `perform_action_without_caching'
    C:/ruby/lib/ruby/gems/1.8/gems/actionpack-2.1.0/lib/action_controller/caching/sql_cache.rb:13:in `perform_action'
    C:/ruby/lib/ruby/gems/1.8/gems/activerecord-2.1.0/lib/active_record/connection_adapters/abstract/query_cache.rb:33:in `cache'
    C:/ruby/lib/ruby/gems/1.8/gems/activerecord-2.1.0/lib/active_record/query_cache.rb:8:in `cache'
    C:/ruby/lib/ruby/gems/1.8/gems/actionpack-2.1.0/lib/action_controller/caching/sql_cache.rb:12:in `perform_action'
    C:/ruby/lib/ruby/gems/1.8/gems/actionpack-2.1.0/lib/action_controller/base.rb:529:in `send'
    C:/ruby/lib/ruby/gems/1.8/gems/actionpack-2.1.0/lib/action_controller/base.rb:529:in `process_without_filters'
    C:/ruby/lib/ruby/gems/1.8/gems/actionpack-2.1.0/lib/action_controller/filters.rb:569:in `process_without_session_management_support'
    C:/ruby/lib/ruby/gems/1.8/gems/actionpack-2.1.0/lib/action_controller/session_management.rb:130:in `process'
    C:/ruby/lib/ruby/gems/1.8/gems/actionpack-2.1.0/lib/action_controller/base.rb:389:in `process'
    C:/ruby/lib/ruby/gems/1.8/gems/actionpack-2.1.0/lib/action_controller/dispatcher.rb:149:in `handle_request'
    C:/ruby/lib/ruby/gems/1.8/gems/actionpack-2.1.0/lib/action_controller/dispatcher.rb:107:in `dispatch'
    C:/ruby/lib/ruby/gems/1.8/gems/actionpack-2.1.0/lib/action_controller/dispatcher.rb:104:in `synchronize'
    C:/ruby/lib/ruby/gems/1.8/gems/actionpack-2.1.0/lib/action_controller/dispatcher.rb:104:in `dispatch'
    C:/ruby/lib/ruby/gems/1.8/gems/actionpack-2.1.0/lib/action_controller/dispatcher.rb:120:in `dispatch_cgi'
    C:/ruby/lib/ruby/gems/1.8/gems/actionpack-2.1.0/lib/action_controller/dispatcher.rb:35:in `dispatch'
    C:/ruby/lib/ruby/gems/1.8/gems/mongrel-1.1.5-x86-mswin32-60/lib/mongrel/rails.rb:76:in `process'
    C:/ruby/lib/ruby/gems/1.8/gems/mongrel-1.1.5-x86-mswin32-60/lib/mongrel/rails.rb:74:in `synchronize'
    C:/ruby/lib/ruby/gems/1.8/gems/mongrel-1.1.5-x86-mswin32-60/lib/mongrel/rails.rb:74:in `process'
    C:/ruby/lib/ruby/gems/1.8/gems/mongrel-1.1.5-x86-mswin32-60/lib/mongrel.rb:159:in `process_client'
    C:/ruby/lib/ruby/gems/1.8/gems/mongrel-1.1.5-x86-mswin32-60/lib/mongrel.rb:158:in `each'
    C:/ruby/lib/ruby/gems/1.8/gems/mongrel-1.1.5-x86-mswin32-60/lib/mongrel.rb:158:in `process_client'
    C:/ruby/lib/ruby/gems/1.8/gems/mongrel-1.1.5-x86-mswin32-60/lib/mongrel.rb:285:in `run'
    C:/ruby/lib/ruby/gems/1.8/gems/mongrel-1.1.5-x86-mswin32-60/lib/mongrel.rb:285:in `initialize'
    C:/ruby/lib/ruby/gems/1.8/gems/mongrel-1.1.5-x86-mswin32-60/lib/mongrel.rb:285:in `new'
    C:/ruby/lib/ruby/gems/1.8/gems/mongrel-1.1.5-x86-mswin32-60/lib/mongrel.rb:285:in `run'
    C:/ruby/lib/ruby/gems/1.8/gems/mongrel-1.1.5-x86-mswin32-60/lib/mongrel.rb:268:in `initialize'
    C:/ruby/lib/ruby/gems/1.8/gems/mongrel-1.1.5-x86-mswin32-60/lib/mongrel.rb:268:in `new'
    C:/ruby/lib/ruby/gems/1.8/gems/mongrel-1.1.5-x86-mswin32-60/lib/mongrel.rb:268:in `run'
    C:/ruby/lib/ruby/gems/1.8/gems/mongrel-1.1.5-x86-mswin32-60/lib/mongrel/configurator.rb:282:in `run'
    C:/ruby/lib/ruby/gems/1.8/gems/mongrel-1.1.5-x86-mswin32-60/lib/mongrel/configurator.rb:281:in `each'
    C:/ruby/lib/ruby/gems/1.8/gems/mongrel-1.1.5-x86-mswin32-60/lib/mongrel/configurator.rb:281:in `run'
    C:/ruby/lib/ruby/gems/1.8/gems/mongrel-1.1.5-x86-mswin32-60/bin/mongrel_rails:128:in `run'
    C:/ruby/lib/ruby/gems/1.8/gems/mongrel-1.1.5-x86-mswin32-60/lib/mongrel/command.rb:212:in `run'
    C:/ruby/lib/ruby/gems/1.8/gems/mongrel-1.1.5-x86-mswin32-60/bin/mongrel_rails:281
    C:/ruby/lib/ruby/gems/1.8/gems/activesupport-2.1.0/lib/active_support/dependencies.rb:502:in `load'
    C:/ruby/lib/ruby/gems/1.8/gems/activesupport-2.1.0/lib/active_support/dependencies.rb:502:in `load'
    C:/ruby/lib/ruby/gems/1.8/gems/activesupport-2.1.0/lib/active_support/dependencies.rb:354:in `new_constants_in'
    C:/ruby/lib/ruby/gems/1.8/gems/activesupport-2.1.0/lib/active_support/dependencies.rb:502:in `load'
    C:/ruby/lib/ruby/gems/1.8/gems/rails-2.1.0/lib/commands/servers/mongrel.rb:64
    C:/ruby/lib/ruby/site_ruby/1.8/rubygems/custom_require.rb:27:in `gem_original_require'
    C:/ruby/lib/ruby/site_ruby/1.8/rubygems/custom_require.rb:27:in `require'
    C:/ruby/lib/ruby/gems/1.8/gems/activesupport-2.1.0/lib/active_support/dependencies.rb:509:in `require'
    C:/ruby/lib/ruby/gems/1.8/gems/activesupport-2.1.0/lib/active_support/dependencies.rb:354:in `new_constants_in'
    C:/ruby/lib/ruby/gems/1.8/gems/activesupport-2.1.0/lib/active_support/dependencies.rb:509:in `require'
    C:/ruby/lib/ruby/gems/1.8/gems/rails-2.1.0/lib/commands/server.rb:39
    C:/ruby/lib/ruby/site_ruby/1.8/rubygems/custom_require.rb:27:in `gem_original_require'
    C:/ruby/lib/ruby/site_ruby/1.8/rubygems/custom_require.rb:27:in `require'
    script/server:3
    -e:1:in `load'
    -e:1

Rendering C:/ruby/lib/ruby/gems/1.8/gems/actionpack-2.1.0/lib/action_controller/templates/rescues/layout.erb (internal_server_error)


Processing ListingsController#index (for 127.0.0.1 at 2009-03-09 08:57:49) [GET]
  Session ID: BAh7CjoIbWFwRjoRZ2VvX2xvY2F0aW9ubzoTR2VvS2l0OjpHZW9Mb2MQOg1A
c3VjY2Vzc1Q6CUBsbmdmGy0xMjIuNDE5MjA0MDAwMDAwMDEAlo46CkBjaXR5
IhJTYW4gRnJhbmNpc2NvOg9AcHJlY2lzaW9uIgljaXR5OhJAY291bnRyeV9j
b2RlIgdVUzoOQHByb3ZpZGVyIgtnb29nbGU6CUBsYXRmGjM3Ljc3NTE5NjAw
MDAwMDAwMQD+uToUQHN0cmVldF9hZGRyZXNzMDoSQGZ1bGxfYWRkcmVzcyIb
U2FuIEZyYW5jaXNjbywgQ0EsIFVTQToJQHppcDA6C0BzdGF0ZSIHQ0E6DHNs
aWRlcnNGIgpmbGFzaElDOidBY3Rpb25Db250cm9sbGVyOjpGbGFzaDo6Rmxh
c2hIYXNoewc6CmVycm9yIgA6C25vdGljZSIABjoKQHVzZWR7BzsVRjsWRjoM
Y3NyZl9pZCIlNzUzMDIwZGFlMDcwYzIyZTJkNjdkYzNhZmNmZTMxNzI=--4477a18a16d3829f343cad8d71f9c2ba7fe9a1ec
  Parameters: {"action"=>"index", "controller"=>"listings"}
Cookie set: geo_location=---+%21ruby%2Fobject%3AGeoKit%3A%3AGeoLoc+%0Acity%3A+San+Francisco%0Acountry_code%3A+US%0Afull_address%3A+San+Francisco%2C+CA%2C+USA%0Alat%3A+37.775196%0Alng%3A+-122.419204%0Aprecision%3A+city%0Aprovider%3A+google%0Astate%3A+CA%0Astreet_address%3A+%0Asuccess%3A+true%0Azip%3A+%0A; path=/; expires=Wed, 08 Apr 2009 15:57:49 GMT
  [4;36;1mUser Columns (0.005000)[0m   [0;1mSHOW FIELDS FROM `users`[0m
  [4;35;1mUser Load (0.002000)[0m   [0mSELECT * FROM `users` WHERE (`users`.`name` = 'aadriasola') LIMIT 1[0m
  [4;36;1mBlogEntry Columns (0.004000)[0m   [0;1mSHOW FIELDS FROM `blog_entries`[0m
  [4;35;1mBlogEntry Load (0.002000)[0m   [0mSELECT * FROM `blog_entries` WHERE (`blog_entries`.`twit_id` = 1132532896) LIMIT 1[0m
  [4;36;1mTag Load (0.001000)[0m   [0;1mSELECT `tags`.* FROM `tags` INNER JOIN taggings ON tags.id = taggings.tag_id WHERE ((`taggings`.taggable_type = 'BlogEntry') AND (`taggings`.taggable_id = 2) AND (context='categories')) [0m
Google geocoding. Address:  San Francisco, CA . Result: <?xml version="1.0" encoding="UTF-8" ?>
<kml xmlns="http://earth.google.com/kml/2.0"><Response>
  <name> San Francisco, CA </name>
  <Status>
    <code>200</code>
    <request>geocode</request>
  </Status>
  <Placemark id="p1">
    <address>San Francisco, CA, USA</address>
    <AddressDetails Accuracy="4" xmlns="urn:oasis:names:tc:ciq:xsdschema:xAL:2.0"><Country><CountryNameCode>US</CountryNameCode><CountryName>USA</CountryName><AdministrativeArea><AdministrativeAreaName>CA</AdministrativeAreaName><Locality><LocalityName>San Francisco</LocalityName></Locality></AdministrativeArea></Country></AddressDetails>
    <ExtendedData>
      <LatLonBox north="37.8120000" south="37.7034000" east="-122.3482000" west="-122.5270000" />
    </ExtendedData>
    <Point><coordinates>-122.4192040,37.7751960,0</coordinates></Point>
  </Placemark>
</Response></kml>
  [4;35;1mSQL (0.000000)[0m   [0mBEGIN[0m
  [4;36;1mBlogEntry Update (0.002000)[0m   [0;1mUPDATE `blog_entries` SET `lat` = 37.775196, `lng` = -122.419204, `updated_at` = '2009-03-09 15:57:50' WHERE `id` = 2[0m
  [4;35;1mTag Load (0.002000)[0m   [0mSELECT `tags`.* FROM `tags` INNER JOIN taggings ON tags.id = taggings.tag_id WHERE ((`taggings`.taggable_type = 'BlogEntry') AND (`taggings`.taggable_id = 2) AND (context='categories')) [0m
  [4;36;1mCACHE (0.000000)[0m   [0;1mSELECT `tags`.* FROM `tags` INNER JOIN taggings ON tags.id = taggings.tag_id WHERE ((`taggings`.taggable_type = 'BlogEntry') AND (`taggings`.taggable_id = 2) AND (context='categories')) [0m
  [4;35;1mSQL (0.002000)[0m   [0mCOMMIT[0m
  [4;36;1mBlogEntry Load (0.003000)[0m   [0;1mSELECT * FROM `blog_entries` ORDER BY created_at desc LIMIT 500[0m
  [4;35;1mUser Load (0.002000)[0m   [0mSELECT * FROM `users` WHERE (`users`.id IN ('1','28')) [0m
  [4;36;1mTagging Load (0.001000)[0m   [0;1mSELECT `taggings`.* FROM `taggings` WHERE (`taggings`.`taggable_id` IN (2,1) and `taggings`.`taggable_type` = 'BlogEntry' AND (context = 'categories')) [0m
  [4;35;1mTag Load (0.001000)[0m   [0mSELECT * FROM `tags` WHERE (`tags`.id IN ('8','9')) [0m
  [4;36;1mCACHE (0.000000)[0m   [0;1mSELECT * FROM `tags` WHERE (`tags`.id IN ('8','9')) [0m
  [4;35;1mRating Load (0.001000)[0m   [0mSELECT `ratings`.* FROM `ratings` WHERE (`ratings`.`rateable_id` IN (2,1) and `ratings`.`rateable_type` = 'BlogEntry') [0m
  [4;36;1mTag Load (0.004000)[0m   [0;1mSELECT tags.id, tags.name, COUNT(*) AS count FROM `tags` LEFT OUTER JOIN taggings ON tags.id = taggings.tag_id AND taggings.context = 'categories' LEFT OUTER JOIN blog_entries ON blog_entries.id = taggings.taggable_id WHERE (taggings.taggable_type = 'BlogEntry') GROUP BY tags.id, tags.name HAVING COUNT(*) > 0 ORDER BY count DESC, id DESC LIMIT 50[0m
  [4;35;1mUser Load (0.002000)[0m   [0mSELECT * FROM `users` WHERE (rated > 0) ORDER BY rated desc LIMIT 50[0m
Rendering template within layouts/nonusers
Rendering listings/index
Rendered listings/_search (0.00100)
Rendered listings/_tags (0.00000)
Rendered layouts/_leftbar (0.00000)
Rendered shared/_system_messages (0.00000)
Rendered listings/_search_sliders (0.00000)
Rendered listings/_map (0.00100)


ActionView::TemplateError (You have a nil object when you didn't expect it!
You might have expected an instance of Array.
The error occurred while evaluating nil.index) on line #29 of listings/_message.html.erb:
26:     <td>
27:         <span class="price">  <%=
28: 
29:             displaytext =  (@histmsg.price_text.index(/[1234567890]/) == 0) && (@histmsg.price_text.downcase.index(/[aeioubcdfghjklmnpqrstvxxyz]/))            
30:             if displaytext
31:                 @histmsg.price_text
32:             else

    app/views/listings/_message.html.erb:29:in `_run_erb_47app47views47listings47_message46html46erb'
    C:/ruby/lib/ruby/gems/1.8/gems/actionpack-2.1.0/lib/action_view/base.rb:338:in `send'
    C:/ruby/lib/ruby/gems/1.8/gems/actionpack-2.1.0/lib/action_view/base.rb:338:in `execute'
    C:/ruby/lib/ruby/gems/1.8/gems/actionpack-2.1.0/lib/action_view/template_handlers/compilable.rb:29:in `send'
    C:/ruby/lib/ruby/gems/1.8/gems/actionpack-2.1.0/lib/action_view/template_handlers/compilable.rb:29:in `render'
    C:/ruby/lib/ruby/gems/1.8/gems/actionpack-2.1.0/lib/action_view/partial_template.rb:20:in `render'
    C:/ruby/lib/ruby/gems/1.8/gems/actionpack-2.1.0/lib/action_controller/benchmarking.rb:26:in `benchmark'
    C:/ruby/lib/ruby/gems/1.8/gems/activesupport-2.1.0/lib/active_support/core_ext/benchmark.rb:8:in `realtime'
    C:/ruby/lib/ruby/gems/1.8/gems/actionpack-2.1.0/lib/action_controller/benchmarking.rb:26:in `benchmark'
    C:/ruby/lib/ruby/gems/1.8/gems/actionpack-2.1.0/lib/action_view/partial_template.rb:19:in `render'
    C:/ruby/lib/ruby/gems/1.8/gems/actionpack-2.1.0/lib/action_view/template.rb:22:in `render_template'
    C:/ruby/lib/ruby/gems/1.8/gems/actionpack-2.1.0/lib/action_view/partials.rb:110:in `render_partial'
    app/views/listings/_messagelist.html.erb:39:in `_run_erb_47app47views47listings47_messagelist46html46erb'
    app/views/listings/_messagelist.html.erb:38:in `each'
    app/views/listings/_messagelist.html.erb:38:in `_run_erb_47app47views47listings47_messagelist46html46erb'
    C:/ruby/lib/ruby/gems/1.8/gems/actionpack-2.1.0/lib/action_view/base.rb:338:in `send'
    C:/ruby/lib/ruby/gems/1.8/gems/actionpack-2.1.0/lib/action_view/base.rb:338:in `execute'
    C:/ruby/lib/ruby/gems/1.8/gems/actionpack-2.1.0/lib/action_view/template_handlers/compilable.rb:29:in `send'
    C:/ruby/lib/ruby/gems/1.8/gems/actionpack-2.1.0/lib/action_view/template_handlers/compilable.rb:29:in `render'
    C:/ruby/lib/ruby/gems/1.8/gems/actionpack-2.1.0/lib/action_view/partial_template.rb:20:in `render'
    C:/ruby/lib/ruby/gems/1.8/gems/actionpack-2.1.0/lib/action_controller/benchmarking.rb:26:in `benchmark'
    C:/ruby/lib/ruby/gems/1.8/gems/activesupport-2.1.0/lib/active_support/core_ext/benchmark.rb:8:in `realtime'
    C:/ruby/lib/ruby/gems/1.8/gems/actionpack-2.1.0/lib/action_controller/benchmarking.rb:26:in `benchmark'
    C:/ruby/lib/ruby/gems/1.8/gems/actionpack-2.1.0/lib/action_view/partial_template.rb:19:in `render'
    C:/ruby/lib/ruby/gems/1.8/gems/actionpack-2.1.0/lib/action_view/template.rb:22:in `render_template'
    C:/ruby/lib/ruby/gems/1.8/gems/actionpack-2.1.0/lib/action_view/partials.rb:110:in `render_partial'
    app/views/listings/index.html.erb:17:in `_run_erb_47app47views47listings47index46html46erb'
    C:/ruby/lib/ruby/gems/1.8/gems/actionpack-2.1.0/lib/action_view/helpers/form_helper.rb:317:in `fields_for'
    C:/ruby/lib/ruby/gems/1.8/gems/actionpack-2.1.0/lib/action_view/helpers/form_helper.rb:253:in `form_for'
    app/views/listings/index.html.erb:1:in `_run_erb_47app47views47listings47index46html46erb'
    C:/ruby/lib/ruby/gems/1.8/gems/actionpack-2.1.0/lib/action_view/base.rb:338:in `send'
    C:/ruby/lib/ruby/gems/1.8/gems/actionpack-2.1.0/lib/action_view/base.rb:338:in `execute'
    C:/ruby/lib/ruby/gems/1.8/gems/actionpack-2.1.0/lib/action_view/template_handlers/compilable.rb:29:in `send'
    C:/ruby/lib/ruby/gems/1.8/gems/actionpack-2.1.0/lib/action_view/template_handlers/compilable.rb:29:in `render'
    C:/ruby/lib/ruby/gems/1.8/gems/actionpack-2.1.0/lib/action_view/template.rb:35:in `render'
    C:/ruby/lib/ruby/gems/1.8/gems/actionpack-2.1.0/lib/action_view/template.rb:22:in `render_template'
    C:/ruby/lib/ruby/gems/1.8/gems/actionpack-2.1.0/lib/action_view/base.rb:245:in `render_file'
    C:/ruby/lib/ruby/gems/1.8/gems/actionpack-2.1.0/lib/action_controller/base.rb:1108:in `render_for_file'
    C:/ruby/lib/ruby/gems/1.8/gems/actionpack-2.1.0/lib/action_controller/base.rb:865:in `render_with_no_layout'
    C:/ruby/lib/ruby/gems/1.8/gems/actionpack-2.1.0/lib/action_controller/base.rb:880:in `render_with_no_layout'
    C:/ruby/lib/ruby/gems/1.8/gems/actionpack-2.1.0/lib/action_controller/layout.rb:251:in `render_without_benchmark'
    C:/ruby/lib/ruby/gems/1.8/gems/actionpack-2.1.0/lib/action_controller/benchmarking.rb:51:in `render'
    C:/ruby/lib/ruby/gems/1.8/gems/activesupport-2.1.0/lib/active_support/core_ext/benchmark.rb:8:in `realtime'
    C:/ruby/lib/ruby/gems/1.8/gems/actionpack-2.1.0/lib/action_controller/benchmarking.rb:51:in `render'
    C:/ruby/lib/ruby/gems/1.8/gems/actionpack-2.1.0/lib/action_controller/mime_responds.rb:131:in `send'
    C:/ruby/lib/ruby/gems/1.8/gems/actionpack-2.1.0/lib/action_controller/mime_responds.rb:131:in `custom'
    C:/ruby/lib/ruby/gems/1.8/gems/actionpack-2.1.0/lib/action_controller/mime_responds.rb:160:in `call'
    C:/ruby/lib/ruby/gems/1.8/gems/actionpack-2.1.0/lib/action_controller/mime_responds.rb:160:in `respond'
    C:/ruby/lib/ruby/gems/1.8/gems/actionpack-2.1.0/lib/action_controller/mime_responds.rb:154:in `each'
    C:/ruby/lib/ruby/gems/1.8/gems/actionpack-2.1.0/lib/action_controller/mime_responds.rb:154:in `respond'
    C:/ruby/lib/ruby/gems/1.8/gems/actionpack-2.1.0/lib/action_controller/mime_responds.rb:107:in `respond_to'
    app/controllers/listings_controller.rb:18:in `index'
    C:/ruby/lib/ruby/gems/1.8/gems/actionpack-2.1.0/lib/action_controller/base.rb:1162:in `send'
    C:/ruby/lib/ruby/gems/1.8/gems/actionpack-2.1.0/lib/action_controller/base.rb:1162:in `perform_action_without_filters'
    C:/ruby/lib/ruby/gems/1.8/gems/actionpack-2.1.0/lib/action_controller/filters.rb:580:in `call_filters'
    C:/ruby/lib/ruby/gems/1.8/gems/actionpack-2.1.0/lib/action_controller/filters.rb:573:in `perform_action_without_benchmark'
    C:/ruby/lib/ruby/gems/1.8/gems/actionpack-2.1.0/lib/action_controller/benchmarking.rb:68:in `perform_action_without_rescue'
    C:/ruby/lib/ruby/1.8/benchmark.rb:293:in `measure'
    C:/ruby/lib/ruby/gems/1.8/gems/actionpack-2.1.0/lib/action_controller/benchmarking.rb:68:in `perform_action_without_rescue'
    C:/ruby/lib/ruby/gems/1.8/gems/actionpack-2.1.0/lib/action_controller/rescue.rb:201:in `perform_action_without_caching'
    C:/ruby/lib/ruby/gems/1.8/gems/actionpack-2.1.0/lib/action_controller/caching/sql_cache.rb:13:in `perform_action'
    C:/ruby/lib/ruby/gems/1.8/gems/activerecord-2.1.0/lib/active_record/connection_adapters/abstract/query_cache.rb:33:in `cache'
    C:/ruby/lib/ruby/gems/1.8/gems/activerecord-2.1.0/lib/active_record/query_cache.rb:8:in `cache'
    C:/ruby/lib/ruby/gems/1.8/gems/actionpack-2.1.0/lib/action_controller/caching/sql_cache.rb:12:in `perform_action'
    C:/ruby/lib/ruby/gems/1.8/gems/actionpack-2.1.0/lib/action_controller/base.rb:529:in `send'
    C:/ruby/lib/ruby/gems/1.8/gems/actionpack-2.1.0/lib/action_controller/base.rb:529:in `process_without_filters'
    C:/ruby/lib/ruby/gems/1.8/gems/actionpack-2.1.0/lib/action_controller/filters.rb:569:in `process_without_session_management_support'
    C:/ruby/lib/ruby/gems/1.8/gems/actionpack-2.1.0/lib/action_controller/session_management.rb:130:in `process'
    C:/ruby/lib/ruby/gems/1.8/gems/actionpack-2.1.0/lib/action_controller/base.rb:389:in `process'
    C:/ruby/lib/ruby/gems/1.8/gems/actionpack-2.1.0/lib/action_controller/dispatcher.rb:149:in `handle_request'
    C:/ruby/lib/ruby/gems/1.8/gems/actionpack-2.1.0/lib/action_controller/dispatcher.rb:107:in `dispatch'
    C:/ruby/lib/ruby/gems/1.8/gems/actionpack-2.1.0/lib/action_controller/dispatcher.rb:104:in `synchronize'
    C:/ruby/lib/ruby/gems/1.8/gems/actionpack-2.1.0/lib/action_controller/dispatcher.rb:104:in `dispatch'
    C:/ruby/lib/ruby/gems/1.8/gems/actionpack-2.1.0/lib/action_controller/dispatcher.rb:120:in `dispatch_cgi'
    C:/ruby/lib/ruby/gems/1.8/gems/actionpack-2.1.0/lib/action_controller/dispatcher.rb:35:in `dispatch'
    C:/ruby/lib/ruby/gems/1.8/gems/mongrel-1.1.5-x86-mswin32-60/lib/mongrel/rails.rb:76:in `process'
    C:/ruby/lib/ruby/gems/1.8/gems/mongrel-1.1.5-x86-mswin32-60/lib/mongrel/rails.rb:74:in `synchronize'
    C:/ruby/lib/ruby/gems/1.8/gems/mongrel-1.1.5-x86-mswin32-60/lib/mongrel/rails.rb:74:in `process'
    C:/ruby/lib/ruby/gems/1.8/gems/mongrel-1.1.5-x86-mswin32-60/lib/mongrel.rb:159:in `process_client'
    C:/ruby/lib/ruby/gems/1.8/gems/mongrel-1.1.5-x86-mswin32-60/lib/mongrel.rb:158:in `each'
    C:/ruby/lib/ruby/gems/1.8/gems/mongrel-1.1.5-x86-mswin32-60/lib/mongrel.rb:158:in `process_client'
    C:/ruby/lib/ruby/gems/1.8/gems/mongrel-1.1.5-x86-mswin32-60/lib/mongrel.rb:285:in `run'
    C:/ruby/lib/ruby/gems/1.8/gems/mongrel-1.1.5-x86-mswin32-60/lib/mongrel.rb:285:in `initialize'
    C:/ruby/lib/ruby/gems/1.8/gems/mongrel-1.1.5-x86-mswin32-60/lib/mongrel.rb:285:in `new'
    C:/ruby/lib/ruby/gems/1.8/gems/mongrel-1.1.5-x86-mswin32-60/lib/mongrel.rb:285:in `run'
    C:/ruby/lib/ruby/gems/1.8/gems/mongrel-1.1.5-x86-mswin32-60/lib/mongrel.rb:268:in `initialize'
    C:/ruby/lib/ruby/gems/1.8/gems/mongrel-1.1.5-x86-mswin32-60/lib/mongrel.rb:268:in `new'
    C:/ruby/lib/ruby/gems/1.8/gems/mongrel-1.1.5-x86-mswin32-60/lib/mongrel.rb:268:in `run'
    C:/ruby/lib/ruby/gems/1.8/gems/mongrel-1.1.5-x86-mswin32-60/lib/mongrel/configurator.rb:282:in `run'
    C:/ruby/lib/ruby/gems/1.8/gems/mongrel-1.1.5-x86-mswin32-60/lib/mongrel/configurator.rb:281:in `each'
    C:/ruby/lib/ruby/gems/1.8/gems/mongrel-1.1.5-x86-mswin32-60/lib/mongrel/configurator.rb:281:in `run'
    C:/ruby/lib/ruby/gems/1.8/gems/mongrel-1.1.5-x86-mswin32-60/bin/mongrel_rails:128:in `run'
    C:/ruby/lib/ruby/gems/1.8/gems/mongrel-1.1.5-x86-mswin32-60/lib/mongrel/command.rb:212:in `run'
    C:/ruby/lib/ruby/gems/1.8/gems/mongrel-1.1.5-x86-mswin32-60/bin/mongrel_rails:281
    C:/ruby/lib/ruby/gems/1.8/gems/activesupport-2.1.0/lib/active_support/dependencies.rb:502:in `load'
    C:/ruby/lib/ruby/gems/1.8/gems/activesupport-2.1.0/lib/active_support/dependencies.rb:502:in `load'
    C:/ruby/lib/ruby/gems/1.8/gems/activesupport-2.1.0/lib/active_support/dependencies.rb:354:in `new_constants_in'
    C:/ruby/lib/ruby/gems/1.8/gems/activesupport-2.1.0/lib/active_support/dependencies.rb:502:in `load'
    C:/ruby/lib/ruby/gems/1.8/gems/rails-2.1.0/lib/commands/servers/mongrel.rb:64
    C:/ruby/lib/ruby/site_ruby/1.8/rubygems/custom_require.rb:27:in `gem_original_require'
    C:/ruby/lib/ruby/site_ruby/1.8/rubygems/custom_require.rb:27:in `require'
    C:/ruby/lib/ruby/gems/1.8/gems/activesupport-2.1.0/lib/active_support/dependencies.rb:509:in `require'
    C:/ruby/lib/ruby/gems/1.8/gems/activesupport-2.1.0/lib/active_support/dependencies.rb:354:in `new_constants_in'
    C:/ruby/lib/ruby/gems/1.8/gems/activesupport-2.1.0/lib/active_support/dependencies.rb:509:in `require'
    C:/ruby/lib/ruby/gems/1.8/gems/rails-2.1.0/lib/commands/server.rb:39
    C:/ruby/lib/ruby/site_ruby/1.8/rubygems/custom_require.rb:27:in `gem_original_require'
    C:/ruby/lib/ruby/site_ruby/1.8/rubygems/custom_require.rb:27:in `require'
    script/server:3
    -e:1:in `load'
    -e:1

Rendering C:/ruby/lib/ruby/gems/1.8/gems/actionpack-2.1.0/lib/action_controller/templates/rescues/layout.erb (internal_server_error)


Processing ListingsController#index (for 127.0.0.1 at 2009-03-09 08:58:32) [GET]
  Session ID: BAh7CjoIbWFwRjoRZ2VvX2xvY2F0aW9ubzoTR2VvS2l0OjpHZW9Mb2MQOg1A
c3VjY2Vzc1Q6CkBjaXR5IhJTYW4gRnJhbmNpc2NvOglAbG5nZhstMTIyLjQx
OTIwNDAwMDAwMDAxAJaOOhJAY291bnRyeV9jb2RlIgdVUzoPQHByZWNpc2lv
biIJY2l0eToUQHN0cmVldF9hZGRyZXNzMDoJQGxhdGYaMzcuNzc1MTk2MDAw
MDAwMDAxAP65Og5AcHJvdmlkZXIiC2dvb2dsZToSQGZ1bGxfYWRkcmVzcyIb
U2FuIEZyYW5jaXNjbywgQ0EsIFVTQToJQHppcDA6C0BzdGF0ZSIHQ0E6DHNs
aWRlcnNGIgpmbGFzaElDOidBY3Rpb25Db250cm9sbGVyOjpGbGFzaDo6Rmxh
c2hIYXNoewc6CmVycm9yIgA6C25vdGljZSIABjoKQHVzZWR7BzsVRjsWRjoM
Y3NyZl9pZCIlNzUzMDIwZGFlMDcwYzIyZTJkNjdkYzNhZmNmZTMxNzI=--66193145bcec207853dd12d0395471998b2a7d26
  Parameters: {"action"=>"index", "controller"=>"listings"}
Cookie set: geo_location=---+%21ruby%2Fobject%3AGeoKit%3A%3AGeoLoc+%0Acity%3A+San+Francisco%0Acountry_code%3A+US%0Afull_address%3A+San+Francisco%2C+CA%2C+USA%0Alat%3A+37.775196%0Alng%3A+-122.419204%0Aprecision%3A+city%0Aprovider%3A+google%0Astate%3A+CA%0Astreet_address%3A+%0Asuccess%3A+true%0Azip%3A+%0A; path=/; expires=Wed, 08 Apr 2009 15:58:32 GMT
  [4;36;1mUser Columns (0.005000)[0m   [0;1mSHOW FIELDS FROM `users`[0m
  [4;35;1mUser Load (0.002000)[0m   [0mSELECT * FROM `users` WHERE (`users`.`name` = 'aadriasola') LIMIT 1[0m
  [4;36;1mBlogEntry Columns (0.005000)[0m   [0;1mSHOW FIELDS FROM `blog_entries`[0m
  [4;35;1mBlogEntry Load (0.002000)[0m   [0mSELECT * FROM `blog_entries` WHERE (`blog_entries`.`twit_id` = 1132532896) LIMIT 1[0m
  [4;36;1mTag Load (0.001000)[0m   [0;1mSELECT `tags`.* FROM `tags` INNER JOIN taggings ON tags.id = taggings.tag_id WHERE ((`taggings`.taggable_type = 'BlogEntry') AND (`taggings`.taggable_id = 2) AND (context='categories')) [0m
Google geocoding. Address:  San Francisco, CA . Result: <?xml version="1.0" encoding="UTF-8" ?>
<kml xmlns="http://earth.google.com/kml/2.0"><Response>
  <name> San Francisco, CA </name>
  <Status>
    <code>200</code>
    <request>geocode</request>
  </Status>
  <Placemark id="p1">
    <address>San Francisco, CA, USA</address>
    <AddressDetails Accuracy="4" xmlns="urn:oasis:names:tc:ciq:xsdschema:xAL:2.0"><Country><CountryNameCode>US</CountryNameCode><CountryName>USA</CountryName><AdministrativeArea><AdministrativeAreaName>CA</AdministrativeAreaName><Locality><LocalityName>San Francisco</LocalityName></Locality></AdministrativeArea></Country></AddressDetails>
    <ExtendedData>
      <LatLonBox north="37.8120000" south="37.7034000" east="-122.3482000" west="-122.5270000" />
    </ExtendedData>
    <Point><coordinates>-122.4192040,37.7751960,0</coordinates></Point>
  </Placemark>
</Response></kml>
  [4;35;1mSQL (0.001000)[0m   [0mBEGIN[0m
  [4;36;1mBlogEntry Update (0.000000)[0m   [0;1mUPDATE `blog_entries` SET `lat` = 37.775196, `lng` = -122.419204, `updated_at` = '2009-03-09 15:58:32' WHERE `id` = 2[0m
  [4;35;1mTag Load (0.001000)[0m   [0mSELECT `tags`.* FROM `tags` INNER JOIN taggings ON tags.id = taggings.tag_id WHERE ((`taggings`.taggable_type = 'BlogEntry') AND (`taggings`.taggable_id = 2) AND (context='categories')) [0m
  [4;36;1mCACHE (0.000000)[0m   [0;1mSELECT `tags`.* FROM `tags` INNER JOIN taggings ON tags.id = taggings.tag_id WHERE ((`taggings`.taggable_type = 'BlogEntry') AND (`taggings`.taggable_id = 2) AND (context='categories')) [0m
  [4;35;1mSQL (0.003000)[0m   [0mCOMMIT[0m
  [4;36;1mBlogEntry Load (0.001000)[0m   [0;1mSELECT * FROM `blog_entries` ORDER BY created_at desc LIMIT 500[0m
  [4;35;1mUser Load (0.002000)[0m   [0mSELECT * FROM `users` WHERE (`users`.id IN ('1','28')) [0m
  [4;36;1mTagging Load (0.001000)[0m   [0;1mSELECT `taggings`.* FROM `taggings` WHERE (`taggings`.`taggable_id` IN (2,1) and `taggings`.`taggable_type` = 'BlogEntry' AND (context = 'categories')) [0m
  [4;35;1mTag Load (0.001000)[0m   [0mSELECT * FROM `tags` WHERE (`tags`.id IN ('8','9')) [0m
  [4;36;1mCACHE (0.000000)[0m   [0;1mSELECT * FROM `tags` WHERE (`tags`.id IN ('8','9')) [0m
  [4;35;1mRating Load (0.001000)[0m   [0mSELECT `ratings`.* FROM `ratings` WHERE (`ratings`.`rateable_id` IN (2,1) and `ratings`.`rateable_type` = 'BlogEntry') [0m
  [4;36;1mTag Load (0.004000)[0m   [0;1mSELECT tags.id, tags.name, COUNT(*) AS count FROM `tags` LEFT OUTER JOIN taggings ON tags.id = taggings.tag_id AND taggings.context = 'categories' LEFT OUTER JOIN blog_entries ON blog_entries.id = taggings.taggable_id WHERE (taggings.taggable_type = 'BlogEntry') GROUP BY tags.id, tags.name HAVING COUNT(*) > 0 ORDER BY count DESC, id DESC LIMIT 50[0m
  [4;35;1mUser Load (0.002000)[0m   [0mSELECT * FROM `users` WHERE (rated > 0) ORDER BY rated desc LIMIT 50[0m
Rendering template within layouts/nonusers
Rendering listings/index
Rendered listings/_search (0.00100)
Rendered listings/_tags (0.00000)
Rendered layouts/_leftbar (0.00100)
Rendered shared/_system_messages (0.00000)
Rendered listings/_search_sliders (0.00000)
Rendered listings/_map (0.00100)
Rendered ratings/_rate (0.00300)
Rendered listings/_message (0.25900)
Rendered ratings/_rate (0.00200)
Rendered listings/_message (0.00300)
Rendered listings/_messagelist (0.26900)
Rendered layouts/_rightbar (0.00000)
Rendered layouts/_menu (0.00000)
Rendered shared/_home (0.00000)
Rendered layouts/_footer (0.00000)
Completed in 0.67200 (1 reqs/sec) | Rendering: 0.29900 (44%) | DB: 0.03200 (4%) | 200 OK [http://localhost/]
